

Started GET "/" for 127.0.0.1 at 2014-05-04 15:07:22 -0400
Processing by Rails::WelcomeController#index as HTML
  Rendered /Library/Ruby/Gems/2.0.0/gems/railties-4.1.0/lib/rails/templates/rails/welcome/index.html.erb (2.3ms)
Completed 200 OK in 37ms (Views: 8.8ms | ActiveRecord: 0.0ms)


Started GET "/welcome" for 127.0.0.1 at 2014-05-04 15:37:13 -0400

ActionController::RoutingError (No route matches [GET] "/welcome"):
  actionpack (4.1.0) lib/action_dispatch/middleware/debug_exceptions.rb:21:in `call'
  actionpack (4.1.0) lib/action_dispatch/middleware/show_exceptions.rb:30:in `call'
  railties (4.1.0) lib/rails/rack/logger.rb:38:in `call_app'
  railties (4.1.0) lib/rails/rack/logger.rb:20:in `block in call'
  activesupport (4.1.0) lib/active_support/tagged_logging.rb:68:in `block in tagged'
  activesupport (4.1.0) lib/active_support/tagged_logging.rb:26:in `tagged'
  activesupport (4.1.0) lib/active_support/tagged_logging.rb:68:in `tagged'
  railties (4.1.0) lib/rails/rack/logger.rb:20:in `call'
  actionpack (4.1.0) lib/action_dispatch/middleware/request_id.rb:21:in `call'
  rack (1.5.2) lib/rack/methodoverride.rb:21:in `call'
  rack (1.5.2) lib/rack/runtime.rb:17:in `call'
  activesupport (4.1.0) lib/active_support/cache/strategy/local_cache_middleware.rb:26:in `call'
  rack (1.5.2) lib/rack/lock.rb:17:in `call'
  actionpack (4.1.0) lib/action_dispatch/middleware/static.rb:64:in `call'
  rack (1.5.2) lib/rack/sendfile.rb:112:in `call'
  railties (4.1.0) lib/rails/engine.rb:514:in `call'
  railties (4.1.0) lib/rails/application.rb:144:in `call'
  rack (1.5.2) lib/rack/lock.rb:17:in `call'
  rack (1.5.2) lib/rack/content_length.rb:14:in `call'
  rack (1.5.2) lib/rack/handler/webrick.rb:60:in `service'
  /System/Library/Frameworks/Ruby.framework/Versions/2.0/usr/lib/ruby/2.0.0/webrick/httpserver.rb:138:in `service'
  /System/Library/Frameworks/Ruby.framework/Versions/2.0/usr/lib/ruby/2.0.0/webrick/httpserver.rb:94:in `run'
  /System/Library/Frameworks/Ruby.framework/Versions/2.0/usr/lib/ruby/2.0.0/webrick/server.rb:295:in `block in start_thread'


  Rendered /Library/Ruby/Gems/2.0.0/gems/actionpack-4.1.0/lib/action_dispatch/middleware/templates/rescues/_trace.html.erb (1.2ms)
  Rendered /Library/Ruby/Gems/2.0.0/gems/actionpack-4.1.0/lib/action_dispatch/middleware/templates/routes/_route.html.erb (1.0ms)
  Rendered /Library/Ruby/Gems/2.0.0/gems/actionpack-4.1.0/lib/action_dispatch/middleware/templates/routes/_table.html.erb (7.5ms)
  Rendered /Library/Ruby/Gems/2.0.0/gems/actionpack-4.1.0/lib/action_dispatch/middleware/templates/rescues/routing_error.html.erb within rescues/layout (25.7ms)


Started GET "/welcome" for 127.0.0.1 at 2014-05-04 15:38:42 -0400

ActionController::RoutingError (No route matches [GET] "/welcome"):
  actionpack (4.1.0) lib/action_dispatch/middleware/debug_exceptions.rb:21:in `call'
  actionpack (4.1.0) lib/action_dispatch/middleware/show_exceptions.rb:30:in `call'
  railties (4.1.0) lib/rails/rack/logger.rb:38:in `call_app'
  railties (4.1.0) lib/rails/rack/logger.rb:20:in `block in call'
  activesupport (4.1.0) lib/active_support/tagged_logging.rb:68:in `block in tagged'
  activesupport (4.1.0) lib/active_support/tagged_logging.rb:26:in `tagged'
  activesupport (4.1.0) lib/active_support/tagged_logging.rb:68:in `tagged'
  railties (4.1.0) lib/rails/rack/logger.rb:20:in `call'
  actionpack (4.1.0) lib/action_dispatch/middleware/request_id.rb:21:in `call'
  rack (1.5.2) lib/rack/methodoverride.rb:21:in `call'
  rack (1.5.2) lib/rack/runtime.rb:17:in `call'
  activesupport (4.1.0) lib/active_support/cache/strategy/local_cache_middleware.rb:26:in `call'
  rack (1.5.2) lib/rack/lock.rb:17:in `call'
  actionpack (4.1.0) lib/action_dispatch/middleware/static.rb:64:in `call'
  rack (1.5.2) lib/rack/sendfile.rb:112:in `call'
  railties (4.1.0) lib/rails/engine.rb:514:in `call'
  railties (4.1.0) lib/rails/application.rb:144:in `call'
  rack (1.5.2) lib/rack/lock.rb:17:in `call'
  rack (1.5.2) lib/rack/content_length.rb:14:in `call'
  rack (1.5.2) lib/rack/handler/webrick.rb:60:in `service'
  /System/Library/Frameworks/Ruby.framework/Versions/2.0/usr/lib/ruby/2.0.0/webrick/httpserver.rb:138:in `service'
  /System/Library/Frameworks/Ruby.framework/Versions/2.0/usr/lib/ruby/2.0.0/webrick/httpserver.rb:94:in `run'
  /System/Library/Frameworks/Ruby.framework/Versions/2.0/usr/lib/ruby/2.0.0/webrick/server.rb:295:in `block in start_thread'


  Rendered /Library/Ruby/Gems/2.0.0/gems/actionpack-4.1.0/lib/action_dispatch/middleware/templates/rescues/_trace.html.erb (1.0ms)
  Rendered /Library/Ruby/Gems/2.0.0/gems/actionpack-4.1.0/lib/action_dispatch/middleware/templates/routes/_route.html.erb (1.0ms)
  Rendered /Library/Ruby/Gems/2.0.0/gems/actionpack-4.1.0/lib/action_dispatch/middleware/templates/routes/_table.html.erb (1.2ms)
  Rendered /Library/Ruby/Gems/2.0.0/gems/actionpack-4.1.0/lib/action_dispatch/middleware/templates/rescues/routing_error.html.erb within rescues/layout (16.9ms)


Started GET "/welcome" for 127.0.0.1 at 2014-05-04 15:45:16 -0400

ActionController::RoutingError (No route matches [GET] "/welcome"):
  actionpack (4.1.0) lib/action_dispatch/middleware/debug_exceptions.rb:21:in `call'
  actionpack (4.1.0) lib/action_dispatch/middleware/show_exceptions.rb:30:in `call'
  railties (4.1.0) lib/rails/rack/logger.rb:38:in `call_app'
  railties (4.1.0) lib/rails/rack/logger.rb:20:in `block in call'
  activesupport (4.1.0) lib/active_support/tagged_logging.rb:68:in `block in tagged'
  activesupport (4.1.0) lib/active_support/tagged_logging.rb:26:in `tagged'
  activesupport (4.1.0) lib/active_support/tagged_logging.rb:68:in `tagged'
  railties (4.1.0) lib/rails/rack/logger.rb:20:in `call'
  actionpack (4.1.0) lib/action_dispatch/middleware/request_id.rb:21:in `call'
  rack (1.5.2) lib/rack/methodoverride.rb:21:in `call'
  rack (1.5.2) lib/rack/runtime.rb:17:in `call'
  activesupport (4.1.0) lib/active_support/cache/strategy/local_cache_middleware.rb:26:in `call'
  rack (1.5.2) lib/rack/lock.rb:17:in `call'
  actionpack (4.1.0) lib/action_dispatch/middleware/static.rb:64:in `call'
  rack (1.5.2) lib/rack/sendfile.rb:112:in `call'
  railties (4.1.0) lib/rails/engine.rb:514:in `call'
  railties (4.1.0) lib/rails/application.rb:144:in `call'
  rack (1.5.2) lib/rack/lock.rb:17:in `call'
  rack (1.5.2) lib/rack/content_length.rb:14:in `call'
  rack (1.5.2) lib/rack/handler/webrick.rb:60:in `service'
  /System/Library/Frameworks/Ruby.framework/Versions/2.0/usr/lib/ruby/2.0.0/webrick/httpserver.rb:138:in `service'
  /System/Library/Frameworks/Ruby.framework/Versions/2.0/usr/lib/ruby/2.0.0/webrick/httpserver.rb:94:in `run'
  /System/Library/Frameworks/Ruby.framework/Versions/2.0/usr/lib/ruby/2.0.0/webrick/server.rb:295:in `block in start_thread'


  Rendered /Library/Ruby/Gems/2.0.0/gems/actionpack-4.1.0/lib/action_dispatch/middleware/templates/rescues/_trace.html.erb (1.1ms)
  Rendered /Library/Ruby/Gems/2.0.0/gems/actionpack-4.1.0/lib/action_dispatch/middleware/templates/routes/_route.html.erb (0.9ms)
  Rendered /Library/Ruby/Gems/2.0.0/gems/actionpack-4.1.0/lib/action_dispatch/middleware/templates/routes/_table.html.erb (1.5ms)
  Rendered /Library/Ruby/Gems/2.0.0/gems/actionpack-4.1.0/lib/action_dispatch/middleware/templates/rescues/routing_error.html.erb within rescues/layout (18.0ms)


Started GET "/welcome" for 127.0.0.1 at 2014-05-04 15:45:17 -0400

ActionController::RoutingError (No route matches [GET] "/welcome"):
  actionpack (4.1.0) lib/action_dispatch/middleware/debug_exceptions.rb:21:in `call'
  actionpack (4.1.0) lib/action_dispatch/middleware/show_exceptions.rb:30:in `call'
  railties (4.1.0) lib/rails/rack/logger.rb:38:in `call_app'
  railties (4.1.0) lib/rails/rack/logger.rb:20:in `block in call'
  activesupport (4.1.0) lib/active_support/tagged_logging.rb:68:in `block in tagged'
  activesupport (4.1.0) lib/active_support/tagged_logging.rb:26:in `tagged'
  activesupport (4.1.0) lib/active_support/tagged_logging.rb:68:in `tagged'
  railties (4.1.0) lib/rails/rack/logger.rb:20:in `call'
  actionpack (4.1.0) lib/action_dispatch/middleware/request_id.rb:21:in `call'
  rack (1.5.2) lib/rack/methodoverride.rb:21:in `call'
  rack (1.5.2) lib/rack/runtime.rb:17:in `call'
  activesupport (4.1.0) lib/active_support/cache/strategy/local_cache_middleware.rb:26:in `call'
  rack (1.5.2) lib/rack/lock.rb:17:in `call'
  actionpack (4.1.0) lib/action_dispatch/middleware/static.rb:64:in `call'
  rack (1.5.2) lib/rack/sendfile.rb:112:in `call'
  railties (4.1.0) lib/rails/engine.rb:514:in `call'
  railties (4.1.0) lib/rails/application.rb:144:in `call'
  rack (1.5.2) lib/rack/lock.rb:17:in `call'
  rack (1.5.2) lib/rack/content_length.rb:14:in `call'
  rack (1.5.2) lib/rack/handler/webrick.rb:60:in `service'
  /System/Library/Frameworks/Ruby.framework/Versions/2.0/usr/lib/ruby/2.0.0/webrick/httpserver.rb:138:in `service'
  /System/Library/Frameworks/Ruby.framework/Versions/2.0/usr/lib/ruby/2.0.0/webrick/httpserver.rb:94:in `run'
  /System/Library/Frameworks/Ruby.framework/Versions/2.0/usr/lib/ruby/2.0.0/webrick/server.rb:295:in `block in start_thread'


  Rendered /Library/Ruby/Gems/2.0.0/gems/actionpack-4.1.0/lib/action_dispatch/middleware/templates/rescues/_trace.html.erb (1.1ms)
  Rendered /Library/Ruby/Gems/2.0.0/gems/actionpack-4.1.0/lib/action_dispatch/middleware/templates/routes/_route.html.erb (1.1ms)
  Rendered /Library/Ruby/Gems/2.0.0/gems/actionpack-4.1.0/lib/action_dispatch/middleware/templates/routes/_table.html.erb (1.1ms)
  Rendered /Library/Ruby/Gems/2.0.0/gems/actionpack-4.1.0/lib/action_dispatch/middleware/templates/rescues/routing_error.html.erb within rescues/layout (17.1ms)


Started GET "/recipes" for 127.0.0.1 at 2014-05-04 15:46:19 -0400

ActionController::RoutingError (No route matches [GET] "/recipes"):
  actionpack (4.1.0) lib/action_dispatch/middleware/debug_exceptions.rb:21:in `call'
  actionpack (4.1.0) lib/action_dispatch/middleware/show_exceptions.rb:30:in `call'
  railties (4.1.0) lib/rails/rack/logger.rb:38:in `call_app'
  railties (4.1.0) lib/rails/rack/logger.rb:20:in `block in call'
  activesupport (4.1.0) lib/active_support/tagged_logging.rb:68:in `block in tagged'
  activesupport (4.1.0) lib/active_support/tagged_logging.rb:26:in `tagged'
  activesupport (4.1.0) lib/active_support/tagged_logging.rb:68:in `tagged'
  railties (4.1.0) lib/rails/rack/logger.rb:20:in `call'
  actionpack (4.1.0) lib/action_dispatch/middleware/request_id.rb:21:in `call'
  rack (1.5.2) lib/rack/methodoverride.rb:21:in `call'
  rack (1.5.2) lib/rack/runtime.rb:17:in `call'
  activesupport (4.1.0) lib/active_support/cache/strategy/local_cache_middleware.rb:26:in `call'
  rack (1.5.2) lib/rack/lock.rb:17:in `call'
  actionpack (4.1.0) lib/action_dispatch/middleware/static.rb:64:in `call'
  rack (1.5.2) lib/rack/sendfile.rb:112:in `call'
  railties (4.1.0) lib/rails/engine.rb:514:in `call'
  railties (4.1.0) lib/rails/application.rb:144:in `call'
  rack (1.5.2) lib/rack/lock.rb:17:in `call'
  rack (1.5.2) lib/rack/content_length.rb:14:in `call'
  rack (1.5.2) lib/rack/handler/webrick.rb:60:in `service'
  /System/Library/Frameworks/Ruby.framework/Versions/2.0/usr/lib/ruby/2.0.0/webrick/httpserver.rb:138:in `service'
  /System/Library/Frameworks/Ruby.framework/Versions/2.0/usr/lib/ruby/2.0.0/webrick/httpserver.rb:94:in `run'
  /System/Library/Frameworks/Ruby.framework/Versions/2.0/usr/lib/ruby/2.0.0/webrick/server.rb:295:in `block in start_thread'


  Rendered /Library/Ruby/Gems/2.0.0/gems/actionpack-4.1.0/lib/action_dispatch/middleware/templates/rescues/_trace.html.erb (0.9ms)
  Rendered /Library/Ruby/Gems/2.0.0/gems/actionpack-4.1.0/lib/action_dispatch/middleware/templates/routes/_route.html.erb (1.2ms)
  Rendered /Library/Ruby/Gems/2.0.0/gems/actionpack-4.1.0/lib/action_dispatch/middleware/templates/routes/_table.html.erb (1.1ms)
  Rendered /Library/Ruby/Gems/2.0.0/gems/actionpack-4.1.0/lib/action_dispatch/middleware/templates/rescues/routing_error.html.erb within rescues/layout (15.2ms)


Started GET "/" for 127.0.0.1 at 2014-05-04 16:17:46 -0400
Processing by WelcomeController#index as HTML
  Rendered welcome/index.html.erb within layouts/application (0.5ms)
Completed 200 OK in 651ms (Views: 649.9ms | ActiveRecord: 0.0ms)


Started GET "/assets/application.css?body=1" for 127.0.0.1 at 2014-05-04 16:17:46 -0400


Started GET "/assets/jquery.js?body=1" for 127.0.0.1 at 2014-05-04 16:17:47 -0400


Started GET "/assets/jquery_ujs.js?body=1" for 127.0.0.1 at 2014-05-04 16:17:47 -0400


Started GET "/assets/welcome.css?body=1" for 127.0.0.1 at 2014-05-04 16:17:47 -0400


Started GET "/assets/turbolinks.js?body=1" for 127.0.0.1 at 2014-05-04 16:17:47 -0400


Started GET "/assets/welcome.js?body=1" for 127.0.0.1 at 2014-05-04 16:17:47 -0400


Started GET "/assets/application.js?body=1" for 127.0.0.1 at 2014-05-04 16:17:47 -0400


Started GET "/" for 127.0.0.1 at 2014-05-04 16:18:16 -0400
Processing by Rails::WelcomeController#index as HTML
  Rendered /Library/Ruby/Gems/2.0.0/gems/railties-4.1.0/lib/rails/templates/rails/welcome/index.html.erb (0.1ms)
Completed 200 OK in 9ms (Views: 8.3ms | ActiveRecord: 0.0ms)


Started GET "/" for 127.0.0.1 at 2014-05-04 16:19:03 -0400
Processing by Rails::WelcomeController#index as HTML
  Rendered /Library/Ruby/Gems/2.0.0/gems/railties-4.1.0/lib/rails/templates/rails/welcome/index.html.erb (0.1ms)
Completed 200 OK in 2ms (Views: 1.4ms | ActiveRecord: 0.0ms)


Started GET "/" for 127.0.0.1 at 2014-05-04 16:19:04 -0400
Processing by Rails::WelcomeController#index as HTML
  Rendered /Library/Ruby/Gems/2.0.0/gems/railties-4.1.0/lib/rails/templates/rails/welcome/index.html.erb (0.1ms)
Completed 200 OK in 2ms (Views: 1.3ms | ActiveRecord: 0.0ms)


Started GET "/welcome" for 127.0.0.1 at 2014-05-04 16:19:30 -0400

ActionController::RoutingError (No route matches [GET] "/welcome"):
  actionpack (4.1.0) lib/action_dispatch/middleware/debug_exceptions.rb:21:in `call'
  actionpack (4.1.0) lib/action_dispatch/middleware/show_exceptions.rb:30:in `call'
  railties (4.1.0) lib/rails/rack/logger.rb:38:in `call_app'
  railties (4.1.0) lib/rails/rack/logger.rb:20:in `block in call'
  activesupport (4.1.0) lib/active_support/tagged_logging.rb:68:in `block in tagged'
  activesupport (4.1.0) lib/active_support/tagged_logging.rb:26:in `tagged'
  activesupport (4.1.0) lib/active_support/tagged_logging.rb:68:in `tagged'
  railties (4.1.0) lib/rails/rack/logger.rb:20:in `call'
  actionpack (4.1.0) lib/action_dispatch/middleware/request_id.rb:21:in `call'
  rack (1.5.2) lib/rack/methodoverride.rb:21:in `call'
  rack (1.5.2) lib/rack/runtime.rb:17:in `call'
  activesupport (4.1.0) lib/active_support/cache/strategy/local_cache_middleware.rb:26:in `call'
  rack (1.5.2) lib/rack/lock.rb:17:in `call'
  actionpack (4.1.0) lib/action_dispatch/middleware/static.rb:64:in `call'
  rack (1.5.2) lib/rack/sendfile.rb:112:in `call'
  railties (4.1.0) lib/rails/engine.rb:514:in `call'
  railties (4.1.0) lib/rails/application.rb:144:in `call'
  rack (1.5.2) lib/rack/lock.rb:17:in `call'
  rack (1.5.2) lib/rack/content_length.rb:14:in `call'
  rack (1.5.2) lib/rack/handler/webrick.rb:60:in `service'
  /System/Library/Frameworks/Ruby.framework/Versions/2.0/usr/lib/ruby/2.0.0/webrick/httpserver.rb:138:in `service'
  /System/Library/Frameworks/Ruby.framework/Versions/2.0/usr/lib/ruby/2.0.0/webrick/httpserver.rb:94:in `run'
  /System/Library/Frameworks/Ruby.framework/Versions/2.0/usr/lib/ruby/2.0.0/webrick/server.rb:295:in `block in start_thread'


  Rendered /Library/Ruby/Gems/2.0.0/gems/actionpack-4.1.0/lib/action_dispatch/middleware/templates/rescues/_trace.html.erb (1.1ms)
  Rendered /Library/Ruby/Gems/2.0.0/gems/actionpack-4.1.0/lib/action_dispatch/middleware/templates/routes/_route.html.erb (0.8ms)
  Rendered /Library/Ruby/Gems/2.0.0/gems/actionpack-4.1.0/lib/action_dispatch/middleware/templates/routes/_table.html.erb (1.2ms)
  Rendered /Library/Ruby/Gems/2.0.0/gems/actionpack-4.1.0/lib/action_dispatch/middleware/templates/rescues/routing_error.html.erb within rescues/layout (19.8ms)


Started GET "/" for 127.0.0.1 at 2014-05-04 16:19:41 -0400
Processing by Rails::WelcomeController#index as HTML
  Rendered /Library/Ruby/Gems/2.0.0/gems/railties-4.1.0/lib/rails/templates/rails/welcome/index.html.erb (0.1ms)
Completed 200 OK in 3ms (Views: 2.0ms | ActiveRecord: 0.0ms)


Started GET "/welcome" for 127.0.0.1 at 2014-05-04 16:20:02 -0400

ActionController::RoutingError (No route matches [GET] "/welcome"):
  actionpack (4.1.0) lib/action_dispatch/middleware/debug_exceptions.rb:21:in `call'
  actionpack (4.1.0) lib/action_dispatch/middleware/show_exceptions.rb:30:in `call'
  railties (4.1.0) lib/rails/rack/logger.rb:38:in `call_app'
  railties (4.1.0) lib/rails/rack/logger.rb:20:in `block in call'
  activesupport (4.1.0) lib/active_support/tagged_logging.rb:68:in `block in tagged'
  activesupport (4.1.0) lib/active_support/tagged_logging.rb:26:in `tagged'
  activesupport (4.1.0) lib/active_support/tagged_logging.rb:68:in `tagged'
  railties (4.1.0) lib/rails/rack/logger.rb:20:in `call'
  actionpack (4.1.0) lib/action_dispatch/middleware/request_id.rb:21:in `call'
  rack (1.5.2) lib/rack/methodoverride.rb:21:in `call'
  rack (1.5.2) lib/rack/runtime.rb:17:in `call'
  activesupport (4.1.0) lib/active_support/cache/strategy/local_cache_middleware.rb:26:in `call'
  rack (1.5.2) lib/rack/lock.rb:17:in `call'
  actionpack (4.1.0) lib/action_dispatch/middleware/static.rb:64:in `call'
  rack (1.5.2) lib/rack/sendfile.rb:112:in `call'
  railties (4.1.0) lib/rails/engine.rb:514:in `call'
  railties (4.1.0) lib/rails/application.rb:144:in `call'
  rack (1.5.2) lib/rack/lock.rb:17:in `call'
  rack (1.5.2) lib/rack/content_length.rb:14:in `call'
  rack (1.5.2) lib/rack/handler/webrick.rb:60:in `service'
  /System/Library/Frameworks/Ruby.framework/Versions/2.0/usr/lib/ruby/2.0.0/webrick/httpserver.rb:138:in `service'
  /System/Library/Frameworks/Ruby.framework/Versions/2.0/usr/lib/ruby/2.0.0/webrick/httpserver.rb:94:in `run'
  /System/Library/Frameworks/Ruby.framework/Versions/2.0/usr/lib/ruby/2.0.0/webrick/server.rb:295:in `block in start_thread'


  Rendered /Library/Ruby/Gems/2.0.0/gems/actionpack-4.1.0/lib/action_dispatch/middleware/templates/rescues/_trace.html.erb (1.8ms)
  Rendered /Library/Ruby/Gems/2.0.0/gems/actionpack-4.1.0/lib/action_dispatch/middleware/templates/routes/_route.html.erb (0.8ms)
  Rendered /Library/Ruby/Gems/2.0.0/gems/actionpack-4.1.0/lib/action_dispatch/middleware/templates/routes/_table.html.erb (1.1ms)
  Rendered /Library/Ruby/Gems/2.0.0/gems/actionpack-4.1.0/lib/action_dispatch/middleware/templates/rescues/routing_error.html.erb within rescues/layout (17.9ms)


Started GET "/" for 127.0.0.1 at 2014-05-04 16:20:17 -0400
Processing by WelcomeController#index as HTML
  Rendered welcome/index.html.erb within layouts/application (0.1ms)
Completed 200 OK in 6ms (Views: 5.0ms | ActiveRecord: 0.0ms)


Started GET "/assets/application.css?body=1" for 127.0.0.1 at 2014-05-04 16:20:17 -0400


Started GET "/assets/jquery.js?body=1" for 127.0.0.1 at 2014-05-04 16:20:17 -0400


Started GET "/assets/turbolinks.js?body=1" for 127.0.0.1 at 2014-05-04 16:20:17 -0400


Started GET "/assets/jquery_ujs.js?body=1" for 127.0.0.1 at 2014-05-04 16:20:17 -0400


Started GET "/assets/application.js?body=1" for 127.0.0.1 at 2014-05-04 16:20:17 -0400


Started GET "/" for 127.0.0.1 at 2014-05-04 16:20:44 -0400
Processing by WelcomeController#index as HTML
  Rendered welcome/index.html.erb within layouts/application (0.6ms)
Completed 200 OK in 8ms (Views: 7.0ms | ActiveRecord: 0.0ms)


Started GET "/assets/welcome.css?body=1" for 127.0.0.1 at 2014-05-04 16:20:44 -0400


Started GET "/assets/application.css?body=1" for 127.0.0.1 at 2014-05-04 16:20:44 -0400


Started GET "/assets/jquery.js?body=1" for 127.0.0.1 at 2014-05-04 16:20:44 -0400


Started GET "/assets/jquery_ujs.js?body=1" for 127.0.0.1 at 2014-05-04 16:20:44 -0400


Started GET "/assets/turbolinks.js?body=1" for 127.0.0.1 at 2014-05-04 16:20:44 -0400


Started GET "/assets/welcome.js?body=1" for 127.0.0.1 at 2014-05-04 16:20:44 -0400


Started GET "/assets/application.js?body=1" for 127.0.0.1 at 2014-05-04 16:20:44 -0400


Started GET "/" for 127.0.0.1 at 2014-05-04 16:21:34 -0400
Processing by WelcomeController#index as HTML
  Rendered welcome/index.html.erb within layouts/application (0.1ms)
Completed 200 OK in 17ms (Views: 16.4ms | ActiveRecord: 0.0ms)


Started GET "/assets/application.css?body=1" for 127.0.0.1 at 2014-05-04 16:21:34 -0400


Started GET "/assets/welcome.css?body=1" for 127.0.0.1 at 2014-05-04 16:21:34 -0400


Started GET "/assets/jquery.js?body=1" for 127.0.0.1 at 2014-05-04 16:21:34 -0400


Started GET "/assets/jquery_ujs.js?body=1" for 127.0.0.1 at 2014-05-04 16:21:34 -0400


Started GET "/assets/turbolinks.js?body=1" for 127.0.0.1 at 2014-05-04 16:21:34 -0400


Started GET "/assets/welcome.js?body=1" for 127.0.0.1 at 2014-05-04 16:21:34 -0400


Started GET "/assets/application.js?body=1" for 127.0.0.1 at 2014-05-04 16:21:34 -0400


Started GET "/" for 127.0.0.1 at 2014-05-04 16:22:21 -0400
Processing by WelcomeController#index as HTML
  Rendered welcome/index.html.erb within layouts/application (0.1ms)
Completed 200 OK in 18ms (Views: 17.0ms | ActiveRecord: 0.0ms)


Started GET "/assets/application.css?body=1" for 127.0.0.1 at 2014-05-04 16:22:21 -0400


Started GET "/assets/welcome.css?body=1" for 127.0.0.1 at 2014-05-04 16:22:21 -0400


Started GET "/assets/jquery_ujs.js?body=1" for 127.0.0.1 at 2014-05-04 16:22:21 -0400


Started GET "/assets/turbolinks.js?body=1" for 127.0.0.1 at 2014-05-04 16:22:21 -0400


Started GET "/assets/welcome.js?body=1" for 127.0.0.1 at 2014-05-04 16:22:21 -0400


Started GET "/assets/jquery.js?body=1" for 127.0.0.1 at 2014-05-04 16:22:21 -0400


Started GET "/assets/application.js?body=1" for 127.0.0.1 at 2014-05-04 16:22:21 -0400


Started GET "/" for 127.0.0.1 at 2014-05-04 16:22:37 -0400
Processing by WelcomeController#index as HTML
  Rendered welcome/index.html.erb within layouts/application (0.6ms)
Completed 200 OK in 10ms (Views: 8.6ms | ActiveRecord: 0.0ms)


Started GET "/assets/welcome.css?body=1" for 127.0.0.1 at 2014-05-04 16:22:37 -0400


Started GET "/assets/jquery_ujs.js?body=1" for 127.0.0.1 at 2014-05-04 16:22:37 -0400


Started GET "/assets/jquery.js?body=1" for 127.0.0.1 at 2014-05-04 16:22:37 -0400


Started GET "/assets/turbolinks.js?body=1" for 127.0.0.1 at 2014-05-04 16:22:37 -0400


Started GET "/assets/welcome.js?body=1" for 127.0.0.1 at 2014-05-04 16:22:37 -0400


Started GET "/assets/application.css?body=1" for 127.0.0.1 at 2014-05-04 16:22:37 -0400


Started GET "/assets/application.js?body=1" for 127.0.0.1 at 2014-05-04 16:22:37 -0400


Started GET "/" for 127.0.0.1 at 2014-05-04 16:23:06 -0400
Processing by WelcomeController#index as HTML
  Rendered welcome/index.html.erb within layouts/application (0.1ms)
Completed 200 OK in 22ms (Views: 21.2ms | ActiveRecord: 0.0ms)


Started GET "/assets/application.css?body=1" for 127.0.0.1 at 2014-05-04 16:23:07 -0400


Started GET "/assets/welcome.css?body=1" for 127.0.0.1 at 2014-05-04 16:23:07 -0400


Started GET "/assets/welcome.js?body=1" for 127.0.0.1 at 2014-05-04 16:23:07 -0400


Started GET "/assets/jquery_ujs.js?body=1" for 127.0.0.1 at 2014-05-04 16:23:07 -0400


Started GET "/assets/turbolinks.js?body=1" for 127.0.0.1 at 2014-05-04 16:23:07 -0400


Started GET "/assets/jquery.js?body=1" for 127.0.0.1 at 2014-05-04 16:23:07 -0400


Started GET "/assets/application.js?body=1" for 127.0.0.1 at 2014-05-04 16:23:07 -0400


Started GET "/" for 127.0.0.1 at 2014-05-04 16:23:22 -0400
Processing by WelcomeController#index as HTML
  Rendered welcome/index.html.erb within layouts/application (0.0ms)
Completed 200 OK in 19ms (Views: 18.3ms | ActiveRecord: 0.0ms)


Started GET "/assets/welcome.css?body=1" for 127.0.0.1 at 2014-05-04 16:23:22 -0400


Started GET "/assets/application.css?body=1" for 127.0.0.1 at 2014-05-04 16:23:22 -0400


Started GET "/assets/jquery_ujs.js?body=1" for 127.0.0.1 at 2014-05-04 16:23:22 -0400


Started GET "/assets/jquery.js?body=1" for 127.0.0.1 at 2014-05-04 16:23:22 -0400


Started GET "/assets/welcome.js?body=1" for 127.0.0.1 at 2014-05-04 16:23:22 -0400


Started GET "/assets/turbolinks.js?body=1" for 127.0.0.1 at 2014-05-04 16:23:22 -0400


Started GET "/assets/application.js?body=1" for 127.0.0.1 at 2014-05-04 16:23:22 -0400


Started GET "/" for 127.0.0.1 at 2014-05-04 16:25:15 -0400
Processing by WelcomeController#index as HTML
  Rendered welcome/index.html.erb within layouts/application (0.0ms)
Completed 200 OK in 6ms (Views: 5.6ms | ActiveRecord: 0.0ms)


Started GET "/assets/application.css?body=1" for 127.0.0.1 at 2014-05-04 16:25:15 -0400


Started GET "/assets/welcome.css?body=1" for 127.0.0.1 at 2014-05-04 16:25:15 -0400


Started GET "/assets/jquery.js?body=1" for 127.0.0.1 at 2014-05-04 16:25:15 -0400


Started GET "/assets/turbolinks.js?body=1" for 127.0.0.1 at 2014-05-04 16:25:15 -0400


Started GET "/assets/welcome.js?body=1" for 127.0.0.1 at 2014-05-04 16:25:15 -0400


Started GET "/assets/jquery_ujs.js?body=1" for 127.0.0.1 at 2014-05-04 16:25:15 -0400


Started GET "/assets/application.js?body=1" for 127.0.0.1 at 2014-05-04 16:25:15 -0400


Started GET "/" for 127.0.0.1 at 2014-05-04 18:16:58 -0400
Processing by WelcomeController#index as HTML
  Rendered welcome/index.html.erb within layouts/application (0.7ms)
Completed 200 OK in 25ms (Views: 18.4ms | ActiveRecord: 0.0ms)


Started GET "/assets/application.css?body=1" for 127.0.0.1 at 2014-05-04 18:16:59 -0400


Started GET "/assets/welcome.js?body=1" for 127.0.0.1 at 2014-05-04 18:16:59 -0400


Started GET "/assets/welcome.css?body=1" for 127.0.0.1 at 2014-05-04 18:16:59 -0400


Started GET "/assets/jquery.js?body=1" for 127.0.0.1 at 2014-05-04 18:16:59 -0400


Started GET "/assets/jquery_ujs.js?body=1" for 127.0.0.1 at 2014-05-04 18:16:59 -0400


Started GET "/assets/turbolinks.js?body=1" for 127.0.0.1 at 2014-05-04 18:16:59 -0400


Started GET "/assets/application.js?body=1" for 127.0.0.1 at 2014-05-04 18:16:59 -0400


Started GET "/" for 127.0.0.1 at 2014-05-04 18:17:00 -0400
Processing by WelcomeController#index as HTML
  Rendered welcome/index.html.erb within layouts/application (0.0ms)
Completed 200 OK in 6ms (Views: 5.1ms | ActiveRecord: 0.0ms)


Started GET "/assets/jquery.js?body=1" for 127.0.0.1 at 2014-05-04 18:17:00 -0400


Started GET "/assets/turbolinks.js?body=1" for 127.0.0.1 at 2014-05-04 18:17:00 -0400


Started GET "/assets/welcome.js?body=1" for 127.0.0.1 at 2014-05-04 18:17:00 -0400


Started GET "/assets/jquery_ujs.js?body=1" for 127.0.0.1 at 2014-05-04 18:17:00 -0400


Started GET "/assets/application.css?body=1" for 127.0.0.1 at 2014-05-04 18:17:00 -0400


Started GET "/assets/application.js?body=1" for 127.0.0.1 at 2014-05-04 18:17:00 -0400


Started GET "/assets/welcome.css?body=1" for 127.0.0.1 at 2014-05-04 18:17:00 -0400


Started GET "/" for 127.0.0.1 at 2014-05-04 19:51:05 -0400
Processing by WelcomeController#index as HTML
  Rendered welcome/index.html.erb within layouts/application (0.3ms)
Completed 200 OK in 16ms (Views: 11.7ms | ActiveRecord: 0.0ms)


Started GET "/assets/welcome.css?body=1" for 127.0.0.1 at 2014-05-04 19:51:06 -0400


Started GET "/assets/application.css?body=1" for 127.0.0.1 at 2014-05-04 19:51:06 -0400


Started GET "/assets/jquery.js?body=1" for 127.0.0.1 at 2014-05-04 19:51:06 -0400


Started GET "/assets/turbolinks.js?body=1" for 127.0.0.1 at 2014-05-04 19:51:06 -0400


Started GET "/assets/jquery_ujs.js?body=1" for 127.0.0.1 at 2014-05-04 19:51:06 -0400


Started GET "/assets/welcome.js?body=1" for 127.0.0.1 at 2014-05-04 19:51:06 -0400


Started GET "/assets/application.js?body=1" for 127.0.0.1 at 2014-05-04 19:51:06 -0400


Started GET "/" for 127.0.0.1 at 2014-05-04 20:44:50 -0400
Processing by WelcomeController#index as HTML
  Rendered welcome/index.html.erb within layouts/application (0.3ms)
Completed 200 OK in 20ms (Views: 13.5ms | ActiveRecord: 0.0ms)


Started GET "/assets/application.css?body=1" for 127.0.0.1 at 2014-05-04 20:44:50 -0400


Started GET "/assets/jquery_ujs.js?body=1" for 127.0.0.1 at 2014-05-04 20:44:50 -0400


Started GET "/assets/jquery.js?body=1" for 127.0.0.1 at 2014-05-04 20:44:50 -0400


Started GET "/assets/welcome.js?body=1" for 127.0.0.1 at 2014-05-04 20:44:50 -0400


Started GET "/assets/application.js?body=1" for 127.0.0.1 at 2014-05-04 20:44:50 -0400


Started GET "/assets/turbolinks.js?body=1" for 127.0.0.1 at 2014-05-04 20:44:50 -0400


Started GET "/assets/welcome.css?body=1" for 127.0.0.1 at 2014-05-04 20:44:50 -0400


Started GET "/welcome" for 127.0.0.1 at 2014-05-04 20:45:13 -0400

ActionController::RoutingError (No route matches [GET] "/welcome"):
  actionpack (4.1.0) lib/action_dispatch/middleware/debug_exceptions.rb:21:in `call'
  actionpack (4.1.0) lib/action_dispatch/middleware/show_exceptions.rb:30:in `call'
  railties (4.1.0) lib/rails/rack/logger.rb:38:in `call_app'
  railties (4.1.0) lib/rails/rack/logger.rb:20:in `block in call'
  activesupport (4.1.0) lib/active_support/tagged_logging.rb:68:in `block in tagged'
  activesupport (4.1.0) lib/active_support/tagged_logging.rb:26:in `tagged'
  activesupport (4.1.0) lib/active_support/tagged_logging.rb:68:in `tagged'
  railties (4.1.0) lib/rails/rack/logger.rb:20:in `call'
  actionpack (4.1.0) lib/action_dispatch/middleware/request_id.rb:21:in `call'
  rack (1.5.2) lib/rack/methodoverride.rb:21:in `call'
  rack (1.5.2) lib/rack/runtime.rb:17:in `call'
  activesupport (4.1.0) lib/active_support/cache/strategy/local_cache_middleware.rb:26:in `call'
  rack (1.5.2) lib/rack/lock.rb:17:in `call'
  actionpack (4.1.0) lib/action_dispatch/middleware/static.rb:64:in `call'
  rack (1.5.2) lib/rack/sendfile.rb:112:in `call'
  railties (4.1.0) lib/rails/engine.rb:514:in `call'
  railties (4.1.0) lib/rails/application.rb:144:in `call'
  rack (1.5.2) lib/rack/lock.rb:17:in `call'
  rack (1.5.2) lib/rack/content_length.rb:14:in `call'
  rack (1.5.2) lib/rack/handler/webrick.rb:60:in `service'
  /System/Library/Frameworks/Ruby.framework/Versions/2.0/usr/lib/ruby/2.0.0/webrick/httpserver.rb:138:in `service'
  /System/Library/Frameworks/Ruby.framework/Versions/2.0/usr/lib/ruby/2.0.0/webrick/httpserver.rb:94:in `run'
  /System/Library/Frameworks/Ruby.framework/Versions/2.0/usr/lib/ruby/2.0.0/webrick/server.rb:295:in `block in start_thread'


  Rendered /Library/Ruby/Gems/2.0.0/gems/actionpack-4.1.0/lib/action_dispatch/middleware/templates/rescues/_trace.html.erb (1.8ms)
  Rendered /Library/Ruby/Gems/2.0.0/gems/actionpack-4.1.0/lib/action_dispatch/middleware/templates/routes/_route.html.erb (1.3ms)
  Rendered /Library/Ruby/Gems/2.0.0/gems/actionpack-4.1.0/lib/action_dispatch/middleware/templates/routes/_table.html.erb (93.2ms)
  Rendered /Library/Ruby/Gems/2.0.0/gems/actionpack-4.1.0/lib/action_dispatch/middleware/templates/rescues/routing_error.html.erb within rescues/layout (125.1ms)


Started GET "/" for 127.0.0.1 at 2014-05-05 10:30:48 -0400
Processing by WelcomeController#index as HTML
  Rendered welcome/index.html.erb within layouts/application (0.4ms)
Completed 200 OK in 29ms (Views: 17.6ms | ActiveRecord: 0.0ms)


Started GET "/assets/application.css?body=1" for 127.0.0.1 at 2014-05-05 10:30:49 -0400


Started GET "/assets/welcome.css?body=1" for 127.0.0.1 at 2014-05-05 10:30:49 -0400


Started GET "/assets/turbolinks.js?body=1" for 127.0.0.1 at 2014-05-05 10:30:49 -0400


Started GET "/assets/jquery.js?body=1" for 127.0.0.1 at 2014-05-05 10:30:49 -0400


Started GET "/assets/jquery_ujs.js?body=1" for 127.0.0.1 at 2014-05-05 10:30:49 -0400


Started GET "/assets/application.js?body=1" for 127.0.0.1 at 2014-05-05 10:30:49 -0400


Started GET "/assets/welcome.js?body=1" for 127.0.0.1 at 2014-05-05 10:30:49 -0400


Started GET "/" for 127.0.0.1 at 2014-05-05 10:32:16 -0400
Processing by WelcomeController#index as HTML
Completed 500 Internal Server Error in 28ms

ActionView::MissingTemplate (Missing template welcome/index, application/index with {:locale=>[:en], :formats=>[:html], :variants=>[], :handlers=>[:erb, :builder, :raw, :ruby, :jbuilder, :coffee]}. Searched in:
  * "/Users/ljc/Dropbox/Noodles/rails/Noodles/app/views"
):
  actionview (4.1.0) lib/action_view/path_set.rb:46:in `find'
  actionview (4.1.0) lib/action_view/lookup_context.rb:124:in `find'
  actionview (4.1.0) lib/action_view/renderer/abstract_renderer.rb:18:in `find_template'
  actionview (4.1.0) lib/action_view/renderer/template_renderer.rb:41:in `determine_template'
  actionview (4.1.0) lib/action_view/renderer/template_renderer.rb:8:in `render'
  actionview (4.1.0) lib/action_view/renderer/renderer.rb:42:in `render_template'
  actionview (4.1.0) lib/action_view/renderer/renderer.rb:23:in `render'
  actionview (4.1.0) lib/action_view/rendering.rb:99:in `_render_template'
  actionpack (4.1.0) lib/action_controller/metal/streaming.rb:217:in `_render_template'
  actionview (4.1.0) lib/action_view/rendering.rb:82:in `render_to_body'
  actionpack (4.1.0) lib/action_controller/metal/rendering.rb:32:in `render_to_body'
  actionpack (4.1.0) lib/action_controller/metal/renderers.rb:32:in `render_to_body'
  actionpack (4.1.0) lib/abstract_controller/rendering.rb:25:in `render'
  actionpack (4.1.0) lib/action_controller/metal/rendering.rb:16:in `render'
  actionpack (4.1.0) lib/action_controller/metal/instrumentation.rb:41:in `block (2 levels) in render'
  activesupport (4.1.0) lib/active_support/core_ext/benchmark.rb:12:in `block in ms'
  /System/Library/Frameworks/Ruby.framework/Versions/2.0/usr/lib/ruby/2.0.0/benchmark.rb:296:in `realtime'
  activesupport (4.1.0) lib/active_support/core_ext/benchmark.rb:12:in `ms'
  actionpack (4.1.0) lib/action_controller/metal/instrumentation.rb:41:in `block in render'
  actionpack (4.1.0) lib/action_controller/metal/instrumentation.rb:84:in `cleanup_view_runtime'
  activerecord (4.1.0) lib/active_record/railties/controller_runtime.rb:25:in `cleanup_view_runtime'
  actionpack (4.1.0) lib/action_controller/metal/instrumentation.rb:40:in `render'
  actionpack (4.1.0) lib/action_controller/metal/implicit_render.rb:10:in `default_render'
  actionpack (4.1.0) lib/action_controller/metal/implicit_render.rb:5:in `send_action'
  actionpack (4.1.0) lib/abstract_controller/base.rb:189:in `process_action'
  actionpack (4.1.0) lib/action_controller/metal/rendering.rb:10:in `process_action'
  actionpack (4.1.0) lib/abstract_controller/callbacks.rb:20:in `block in process_action'
  activesupport (4.1.0) lib/active_support/callbacks.rb:113:in `call'
  activesupport (4.1.0) lib/active_support/callbacks.rb:113:in `call'
  activesupport (4.1.0) lib/active_support/callbacks.rb:229:in `block in halting'
  activesupport (4.1.0) lib/active_support/callbacks.rb:229:in `call'
  activesupport (4.1.0) lib/active_support/callbacks.rb:229:in `block in halting'
  activesupport (4.1.0) lib/active_support/callbacks.rb:166:in `call'
  activesupport (4.1.0) lib/active_support/callbacks.rb:166:in `block in halting'
  activesupport (4.1.0) lib/active_support/callbacks.rb:166:in `call'
  activesupport (4.1.0) lib/active_support/callbacks.rb:166:in `block in halting'
  activesupport (4.1.0) lib/active_support/callbacks.rb:166:in `call'
  activesupport (4.1.0) lib/active_support/callbacks.rb:166:in `block in halting'
  activesupport (4.1.0) lib/active_support/callbacks.rb:86:in `call'
  activesupport (4.1.0) lib/active_support/callbacks.rb:86:in `run_callbacks'
  actionpack (4.1.0) lib/abstract_controller/callbacks.rb:19:in `process_action'
  actionpack (4.1.0) lib/action_controller/metal/rescue.rb:29:in `process_action'
  actionpack (4.1.0) lib/action_controller/metal/instrumentation.rb:31:in `block in process_action'
  activesupport (4.1.0) lib/active_support/notifications.rb:159:in `block in instrument'
  activesupport (4.1.0) lib/active_support/notifications/instrumenter.rb:20:in `instrument'
  activesupport (4.1.0) lib/active_support/notifications.rb:159:in `instrument'
  actionpack (4.1.0) lib/action_controller/metal/instrumentation.rb:30:in `process_action'
  actionpack (4.1.0) lib/action_controller/metal/params_wrapper.rb:250:in `process_action'
  activerecord (4.1.0) lib/active_record/railties/controller_runtime.rb:18:in `process_action'
  actionpack (4.1.0) lib/abstract_controller/base.rb:136:in `process'
  actionview (4.1.0) lib/action_view/rendering.rb:30:in `process'
  actionpack (4.1.0) lib/action_controller/metal.rb:195:in `dispatch'
  actionpack (4.1.0) lib/action_controller/metal/rack_delegation.rb:13:in `dispatch'
  actionpack (4.1.0) lib/action_controller/metal.rb:231:in `block in action'
  actionpack (4.1.0) lib/action_dispatch/routing/route_set.rb:80:in `call'
  actionpack (4.1.0) lib/action_dispatch/routing/route_set.rb:80:in `dispatch'
  actionpack (4.1.0) lib/action_dispatch/routing/route_set.rb:48:in `call'
  actionpack (4.1.0) lib/action_dispatch/journey/router.rb:71:in `block in call'
  actionpack (4.1.0) lib/action_dispatch/journey/router.rb:59:in `each'
  actionpack (4.1.0) lib/action_dispatch/journey/router.rb:59:in `call'
  actionpack (4.1.0) lib/action_dispatch/routing/route_set.rb:676:in `call'
  rack (1.5.2) lib/rack/etag.rb:23:in `call'
  rack (1.5.2) lib/rack/conditionalget.rb:25:in `call'
  rack (1.5.2) lib/rack/head.rb:11:in `call'
  actionpack (4.1.0) lib/action_dispatch/middleware/params_parser.rb:27:in `call'
  actionpack (4.1.0) lib/action_dispatch/middleware/flash.rb:254:in `call'
  rack (1.5.2) lib/rack/session/abstract/id.rb:225:in `context'
  rack (1.5.2) lib/rack/session/abstract/id.rb:220:in `call'
  actionpack (4.1.0) lib/action_dispatch/middleware/cookies.rb:560:in `call'
  activerecord (4.1.0) lib/active_record/query_cache.rb:36:in `call'
  activerecord (4.1.0) lib/active_record/connection_adapters/abstract/connection_pool.rb:621:in `call'
  activerecord (4.1.0) lib/active_record/migration.rb:380:in `call'
  actionpack (4.1.0) lib/action_dispatch/middleware/callbacks.rb:29:in `block in call'
  activesupport (4.1.0) lib/active_support/callbacks.rb:82:in `run_callbacks'
  actionpack (4.1.0) lib/action_dispatch/middleware/callbacks.rb:27:in `call'
  actionpack (4.1.0) lib/action_dispatch/middleware/reloader.rb:73:in `call'
  actionpack (4.1.0) lib/action_dispatch/middleware/remote_ip.rb:76:in `call'
  actionpack (4.1.0) lib/action_dispatch/middleware/debug_exceptions.rb:17:in `call'
  actionpack (4.1.0) lib/action_dispatch/middleware/show_exceptions.rb:30:in `call'
  railties (4.1.0) lib/rails/rack/logger.rb:38:in `call_app'
  railties (4.1.0) lib/rails/rack/logger.rb:20:in `block in call'
  activesupport (4.1.0) lib/active_support/tagged_logging.rb:68:in `block in tagged'
  activesupport (4.1.0) lib/active_support/tagged_logging.rb:26:in `tagged'
  activesupport (4.1.0) lib/active_support/tagged_logging.rb:68:in `tagged'
  railties (4.1.0) lib/rails/rack/logger.rb:20:in `call'
  actionpack (4.1.0) lib/action_dispatch/middleware/request_id.rb:21:in `call'
  rack (1.5.2) lib/rack/methodoverride.rb:21:in `call'
  rack (1.5.2) lib/rack/runtime.rb:17:in `call'
  activesupport (4.1.0) lib/active_support/cache/strategy/local_cache_middleware.rb:26:in `call'
  rack (1.5.2) lib/rack/lock.rb:17:in `call'
  actionpack (4.1.0) lib/action_dispatch/middleware/static.rb:64:in `call'
  rack (1.5.2) lib/rack/sendfile.rb:112:in `call'
  railties (4.1.0) lib/rails/engine.rb:514:in `call'
  railties (4.1.0) lib/rails/application.rb:144:in `call'
  rack (1.5.2) lib/rack/lock.rb:17:in `call'
  rack (1.5.2) lib/rack/content_length.rb:14:in `call'
  rack (1.5.2) lib/rack/handler/webrick.rb:60:in `service'
  /System/Library/Frameworks/Ruby.framework/Versions/2.0/usr/lib/ruby/2.0.0/webrick/httpserver.rb:138:in `service'
  /System/Library/Frameworks/Ruby.framework/Versions/2.0/usr/lib/ruby/2.0.0/webrick/httpserver.rb:94:in `run'
  /System/Library/Frameworks/Ruby.framework/Versions/2.0/usr/lib/ruby/2.0.0/webrick/server.rb:295:in `block in start_thread'


  Rendered /Library/Ruby/Gems/2.0.0/gems/actionpack-4.1.0/lib/action_dispatch/middleware/templates/rescues/missing_template.html.erb within rescues/layout (1.5ms)


Started GET "/" for 127.0.0.1 at 2014-05-05 10:33:24 -0400
Processing by WelcomeController#index as HTML
Completed 500 Internal Server Error in 3ms

ActionView::MissingTemplate (Missing template welcome/index, application/index with {:locale=>[:en], :formats=>[:html], :variants=>[], :handlers=>[:erb, :builder, :raw, :ruby, :jbuilder, :coffee]}. Searched in:
  * "/Users/ljc/Dropbox/Noodles/rails/Noodles/app/views"
):
  actionview (4.1.0) lib/action_view/path_set.rb:46:in `find'
  actionview (4.1.0) lib/action_view/lookup_context.rb:124:in `find'
  actionview (4.1.0) lib/action_view/renderer/abstract_renderer.rb:18:in `find_template'
  actionview (4.1.0) lib/action_view/renderer/template_renderer.rb:41:in `determine_template'
  actionview (4.1.0) lib/action_view/renderer/template_renderer.rb:8:in `render'
  actionview (4.1.0) lib/action_view/renderer/renderer.rb:42:in `render_template'
  actionview (4.1.0) lib/action_view/renderer/renderer.rb:23:in `render'
  actionview (4.1.0) lib/action_view/rendering.rb:99:in `_render_template'
  actionpack (4.1.0) lib/action_controller/metal/streaming.rb:217:in `_render_template'
  actionview (4.1.0) lib/action_view/rendering.rb:82:in `render_to_body'
  actionpack (4.1.0) lib/action_controller/metal/rendering.rb:32:in `render_to_body'
  actionpack (4.1.0) lib/action_controller/metal/renderers.rb:32:in `render_to_body'
  actionpack (4.1.0) lib/abstract_controller/rendering.rb:25:in `render'
  actionpack (4.1.0) lib/action_controller/metal/rendering.rb:16:in `render'
  actionpack (4.1.0) lib/action_controller/metal/instrumentation.rb:41:in `block (2 levels) in render'
  activesupport (4.1.0) lib/active_support/core_ext/benchmark.rb:12:in `block in ms'
  /System/Library/Frameworks/Ruby.framework/Versions/2.0/usr/lib/ruby/2.0.0/benchmark.rb:296:in `realtime'
  activesupport (4.1.0) lib/active_support/core_ext/benchmark.rb:12:in `ms'
  actionpack (4.1.0) lib/action_controller/metal/instrumentation.rb:41:in `block in render'
  actionpack (4.1.0) lib/action_controller/metal/instrumentation.rb:84:in `cleanup_view_runtime'
  activerecord (4.1.0) lib/active_record/railties/controller_runtime.rb:25:in `cleanup_view_runtime'
  actionpack (4.1.0) lib/action_controller/metal/instrumentation.rb:40:in `render'
  actionpack (4.1.0) lib/action_controller/metal/implicit_render.rb:10:in `default_render'
  actionpack (4.1.0) lib/action_controller/metal/implicit_render.rb:5:in `send_action'
  actionpack (4.1.0) lib/abstract_controller/base.rb:189:in `process_action'
  actionpack (4.1.0) lib/action_controller/metal/rendering.rb:10:in `process_action'
  actionpack (4.1.0) lib/abstract_controller/callbacks.rb:20:in `block in process_action'
  activesupport (4.1.0) lib/active_support/callbacks.rb:113:in `call'
  activesupport (4.1.0) lib/active_support/callbacks.rb:113:in `call'
  activesupport (4.1.0) lib/active_support/callbacks.rb:229:in `block in halting'
  activesupport (4.1.0) lib/active_support/callbacks.rb:229:in `call'
  activesupport (4.1.0) lib/active_support/callbacks.rb:229:in `block in halting'
  activesupport (4.1.0) lib/active_support/callbacks.rb:166:in `call'
  activesupport (4.1.0) lib/active_support/callbacks.rb:166:in `block in halting'
  activesupport (4.1.0) lib/active_support/callbacks.rb:166:in `call'
  activesupport (4.1.0) lib/active_support/callbacks.rb:166:in `block in halting'
  activesupport (4.1.0) lib/active_support/callbacks.rb:166:in `call'
  activesupport (4.1.0) lib/active_support/callbacks.rb:166:in `block in halting'
  activesupport (4.1.0) lib/active_support/callbacks.rb:86:in `call'
  activesupport (4.1.0) lib/active_support/callbacks.rb:86:in `run_callbacks'
  actionpack (4.1.0) lib/abstract_controller/callbacks.rb:19:in `process_action'
  actionpack (4.1.0) lib/action_controller/metal/rescue.rb:29:in `process_action'
  actionpack (4.1.0) lib/action_controller/metal/instrumentation.rb:31:in `block in process_action'
  activesupport (4.1.0) lib/active_support/notifications.rb:159:in `block in instrument'
  activesupport (4.1.0) lib/active_support/notifications/instrumenter.rb:20:in `instrument'
  activesupport (4.1.0) lib/active_support/notifications.rb:159:in `instrument'
  actionpack (4.1.0) lib/action_controller/metal/instrumentation.rb:30:in `process_action'
  actionpack (4.1.0) lib/action_controller/metal/params_wrapper.rb:250:in `process_action'
  activerecord (4.1.0) lib/active_record/railties/controller_runtime.rb:18:in `process_action'
  actionpack (4.1.0) lib/abstract_controller/base.rb:136:in `process'
  actionview (4.1.0) lib/action_view/rendering.rb:30:in `process'
  actionpack (4.1.0) lib/action_controller/metal.rb:195:in `dispatch'
  actionpack (4.1.0) lib/action_controller/metal/rack_delegation.rb:13:in `dispatch'
  actionpack (4.1.0) lib/action_controller/metal.rb:231:in `block in action'
  actionpack (4.1.0) lib/action_dispatch/routing/route_set.rb:80:in `call'
  actionpack (4.1.0) lib/action_dispatch/routing/route_set.rb:80:in `dispatch'
  actionpack (4.1.0) lib/action_dispatch/routing/route_set.rb:48:in `call'
  actionpack (4.1.0) lib/action_dispatch/journey/router.rb:71:in `block in call'
  actionpack (4.1.0) lib/action_dispatch/journey/router.rb:59:in `each'
  actionpack (4.1.0) lib/action_dispatch/journey/router.rb:59:in `call'
  actionpack (4.1.0) lib/action_dispatch/routing/route_set.rb:676:in `call'
  rack (1.5.2) lib/rack/etag.rb:23:in `call'
  rack (1.5.2) lib/rack/conditionalget.rb:25:in `call'
  rack (1.5.2) lib/rack/head.rb:11:in `call'
  actionpack (4.1.0) lib/action_dispatch/middleware/params_parser.rb:27:in `call'
  actionpack (4.1.0) lib/action_dispatch/middleware/flash.rb:254:in `call'
  rack (1.5.2) lib/rack/session/abstract/id.rb:225:in `context'
  rack (1.5.2) lib/rack/session/abstract/id.rb:220:in `call'
  actionpack (4.1.0) lib/action_dispatch/middleware/cookies.rb:560:in `call'
  activerecord (4.1.0) lib/active_record/query_cache.rb:36:in `call'
  activerecord (4.1.0) lib/active_record/connection_adapters/abstract/connection_pool.rb:621:in `call'
  activerecord (4.1.0) lib/active_record/migration.rb:380:in `call'
  actionpack (4.1.0) lib/action_dispatch/middleware/callbacks.rb:29:in `block in call'
  activesupport (4.1.0) lib/active_support/callbacks.rb:82:in `run_callbacks'
  actionpack (4.1.0) lib/action_dispatch/middleware/callbacks.rb:27:in `call'
  actionpack (4.1.0) lib/action_dispatch/middleware/reloader.rb:73:in `call'
  actionpack (4.1.0) lib/action_dispatch/middleware/remote_ip.rb:76:in `call'
  actionpack (4.1.0) lib/action_dispatch/middleware/debug_exceptions.rb:17:in `call'
  actionpack (4.1.0) lib/action_dispatch/middleware/show_exceptions.rb:30:in `call'
  railties (4.1.0) lib/rails/rack/logger.rb:38:in `call_app'
  railties (4.1.0) lib/rails/rack/logger.rb:20:in `block in call'
  activesupport (4.1.0) lib/active_support/tagged_logging.rb:68:in `block in tagged'
  activesupport (4.1.0) lib/active_support/tagged_logging.rb:26:in `tagged'
  activesupport (4.1.0) lib/active_support/tagged_logging.rb:68:in `tagged'
  railties (4.1.0) lib/rails/rack/logger.rb:20:in `call'
  actionpack (4.1.0) lib/action_dispatch/middleware/request_id.rb:21:in `call'
  rack (1.5.2) lib/rack/methodoverride.rb:21:in `call'
  rack (1.5.2) lib/rack/runtime.rb:17:in `call'
  activesupport (4.1.0) lib/active_support/cache/strategy/local_cache_middleware.rb:26:in `call'
  rack (1.5.2) lib/rack/lock.rb:17:in `call'
  actionpack (4.1.0) lib/action_dispatch/middleware/static.rb:64:in `call'
  rack (1.5.2) lib/rack/sendfile.rb:112:in `call'
  railties (4.1.0) lib/rails/engine.rb:514:in `call'
  railties (4.1.0) lib/rails/application.rb:144:in `call'
  rack (1.5.2) lib/rack/lock.rb:17:in `call'
  rack (1.5.2) lib/rack/content_length.rb:14:in `call'
  rack (1.5.2) lib/rack/handler/webrick.rb:60:in `service'
  /System/Library/Frameworks/Ruby.framework/Versions/2.0/usr/lib/ruby/2.0.0/webrick/httpserver.rb:138:in `service'
  /System/Library/Frameworks/Ruby.framework/Versions/2.0/usr/lib/ruby/2.0.0/webrick/httpserver.rb:94:in `run'
  /System/Library/Frameworks/Ruby.framework/Versions/2.0/usr/lib/ruby/2.0.0/webrick/server.rb:295:in `block in start_thread'


  Rendered /Library/Ruby/Gems/2.0.0/gems/actionpack-4.1.0/lib/action_dispatch/middleware/templates/rescues/missing_template.html.erb within rescues/layout (0.7ms)


Started GET "/" for 127.0.0.1 at 2014-05-05 10:33:25 -0400
Processing by WelcomeController#index as HTML
Completed 500 Internal Server Error in 2ms

ActionView::MissingTemplate (Missing template welcome/index, application/index with {:locale=>[:en], :formats=>[:html], :variants=>[], :handlers=>[:erb, :builder, :raw, :ruby, :jbuilder, :coffee]}. Searched in:
  * "/Users/ljc/Dropbox/Noodles/rails/Noodles/app/views"
):
  actionview (4.1.0) lib/action_view/path_set.rb:46:in `find'
  actionview (4.1.0) lib/action_view/lookup_context.rb:124:in `find'
  actionview (4.1.0) lib/action_view/renderer/abstract_renderer.rb:18:in `find_template'
  actionview (4.1.0) lib/action_view/renderer/template_renderer.rb:41:in `determine_template'
  actionview (4.1.0) lib/action_view/renderer/template_renderer.rb:8:in `render'
  actionview (4.1.0) lib/action_view/renderer/renderer.rb:42:in `render_template'
  actionview (4.1.0) lib/action_view/renderer/renderer.rb:23:in `render'
  actionview (4.1.0) lib/action_view/rendering.rb:99:in `_render_template'
  actionpack (4.1.0) lib/action_controller/metal/streaming.rb:217:in `_render_template'
  actionview (4.1.0) lib/action_view/rendering.rb:82:in `render_to_body'
  actionpack (4.1.0) lib/action_controller/metal/rendering.rb:32:in `render_to_body'
  actionpack (4.1.0) lib/action_controller/metal/renderers.rb:32:in `render_to_body'
  actionpack (4.1.0) lib/abstract_controller/rendering.rb:25:in `render'
  actionpack (4.1.0) lib/action_controller/metal/rendering.rb:16:in `render'
  actionpack (4.1.0) lib/action_controller/metal/instrumentation.rb:41:in `block (2 levels) in render'
  activesupport (4.1.0) lib/active_support/core_ext/benchmark.rb:12:in `block in ms'
  /System/Library/Frameworks/Ruby.framework/Versions/2.0/usr/lib/ruby/2.0.0/benchmark.rb:296:in `realtime'
  activesupport (4.1.0) lib/active_support/core_ext/benchmark.rb:12:in `ms'
  actionpack (4.1.0) lib/action_controller/metal/instrumentation.rb:41:in `block in render'
  actionpack (4.1.0) lib/action_controller/metal/instrumentation.rb:84:in `cleanup_view_runtime'
  activerecord (4.1.0) lib/active_record/railties/controller_runtime.rb:25:in `cleanup_view_runtime'
  actionpack (4.1.0) lib/action_controller/metal/instrumentation.rb:40:in `render'
  actionpack (4.1.0) lib/action_controller/metal/implicit_render.rb:10:in `default_render'
  actionpack (4.1.0) lib/action_controller/metal/implicit_render.rb:5:in `send_action'
  actionpack (4.1.0) lib/abstract_controller/base.rb:189:in `process_action'
  actionpack (4.1.0) lib/action_controller/metal/rendering.rb:10:in `process_action'
  actionpack (4.1.0) lib/abstract_controller/callbacks.rb:20:in `block in process_action'
  activesupport (4.1.0) lib/active_support/callbacks.rb:113:in `call'
  activesupport (4.1.0) lib/active_support/callbacks.rb:113:in `call'
  activesupport (4.1.0) lib/active_support/callbacks.rb:229:in `block in halting'
  activesupport (4.1.0) lib/active_support/callbacks.rb:229:in `call'
  activesupport (4.1.0) lib/active_support/callbacks.rb:229:in `block in halting'
  activesupport (4.1.0) lib/active_support/callbacks.rb:166:in `call'
  activesupport (4.1.0) lib/active_support/callbacks.rb:166:in `block in halting'
  activesupport (4.1.0) lib/active_support/callbacks.rb:166:in `call'
  activesupport (4.1.0) lib/active_support/callbacks.rb:166:in `block in halting'
  activesupport (4.1.0) lib/active_support/callbacks.rb:166:in `call'
  activesupport (4.1.0) lib/active_support/callbacks.rb:166:in `block in halting'
  activesupport (4.1.0) lib/active_support/callbacks.rb:86:in `call'
  activesupport (4.1.0) lib/active_support/callbacks.rb:86:in `run_callbacks'
  actionpack (4.1.0) lib/abstract_controller/callbacks.rb:19:in `process_action'
  actionpack (4.1.0) lib/action_controller/metal/rescue.rb:29:in `process_action'
  actionpack (4.1.0) lib/action_controller/metal/instrumentation.rb:31:in `block in process_action'
  activesupport (4.1.0) lib/active_support/notifications.rb:159:in `block in instrument'
  activesupport (4.1.0) lib/active_support/notifications/instrumenter.rb:20:in `instrument'
  activesupport (4.1.0) lib/active_support/notifications.rb:159:in `instrument'
  actionpack (4.1.0) lib/action_controller/metal/instrumentation.rb:30:in `process_action'
  actionpack (4.1.0) lib/action_controller/metal/params_wrapper.rb:250:in `process_action'
  activerecord (4.1.0) lib/active_record/railties/controller_runtime.rb:18:in `process_action'
  actionpack (4.1.0) lib/abstract_controller/base.rb:136:in `process'
  actionview (4.1.0) lib/action_view/rendering.rb:30:in `process'
  actionpack (4.1.0) lib/action_controller/metal.rb:195:in `dispatch'
  actionpack (4.1.0) lib/action_controller/metal/rack_delegation.rb:13:in `dispatch'
  actionpack (4.1.0) lib/action_controller/metal.rb:231:in `block in action'
  actionpack (4.1.0) lib/action_dispatch/routing/route_set.rb:80:in `call'
  actionpack (4.1.0) lib/action_dispatch/routing/route_set.rb:80:in `dispatch'
  actionpack (4.1.0) lib/action_dispatch/routing/route_set.rb:48:in `call'
  actionpack (4.1.0) lib/action_dispatch/journey/router.rb:71:in `block in call'
  actionpack (4.1.0) lib/action_dispatch/journey/router.rb:59:in `each'
  actionpack (4.1.0) lib/action_dispatch/journey/router.rb:59:in `call'
  actionpack (4.1.0) lib/action_dispatch/routing/route_set.rb:676:in `call'
  rack (1.5.2) lib/rack/etag.rb:23:in `call'
  rack (1.5.2) lib/rack/conditionalget.rb:25:in `call'
  rack (1.5.2) lib/rack/head.rb:11:in `call'
  actionpack (4.1.0) lib/action_dispatch/middleware/params_parser.rb:27:in `call'
  actionpack (4.1.0) lib/action_dispatch/middleware/flash.rb:254:in `call'
  rack (1.5.2) lib/rack/session/abstract/id.rb:225:in `context'
  rack (1.5.2) lib/rack/session/abstract/id.rb:220:in `call'
  actionpack (4.1.0) lib/action_dispatch/middleware/cookies.rb:560:in `call'
  activerecord (4.1.0) lib/active_record/query_cache.rb:36:in `call'
  activerecord (4.1.0) lib/active_record/connection_adapters/abstract/connection_pool.rb:621:in `call'
  activerecord (4.1.0) lib/active_record/migration.rb:380:in `call'
  actionpack (4.1.0) lib/action_dispatch/middleware/callbacks.rb:29:in `block in call'
  activesupport (4.1.0) lib/active_support/callbacks.rb:82:in `run_callbacks'
  actionpack (4.1.0) lib/action_dispatch/middleware/callbacks.rb:27:in `call'
  actionpack (4.1.0) lib/action_dispatch/middleware/reloader.rb:73:in `call'
  actionpack (4.1.0) lib/action_dispatch/middleware/remote_ip.rb:76:in `call'
  actionpack (4.1.0) lib/action_dispatch/middleware/debug_exceptions.rb:17:in `call'
  actionpack (4.1.0) lib/action_dispatch/middleware/show_exceptions.rb:30:in `call'
  railties (4.1.0) lib/rails/rack/logger.rb:38:in `call_app'
  railties (4.1.0) lib/rails/rack/logger.rb:20:in `block in call'
  activesupport (4.1.0) lib/active_support/tagged_logging.rb:68:in `block in tagged'
  activesupport (4.1.0) lib/active_support/tagged_logging.rb:26:in `tagged'
  activesupport (4.1.0) lib/active_support/tagged_logging.rb:68:in `tagged'
  railties (4.1.0) lib/rails/rack/logger.rb:20:in `call'
  actionpack (4.1.0) lib/action_dispatch/middleware/request_id.rb:21:in `call'
  rack (1.5.2) lib/rack/methodoverride.rb:21:in `call'
  rack (1.5.2) lib/rack/runtime.rb:17:in `call'
  activesupport (4.1.0) lib/active_support/cache/strategy/local_cache_middleware.rb:26:in `call'
  rack (1.5.2) lib/rack/lock.rb:17:in `call'
  actionpack (4.1.0) lib/action_dispatch/middleware/static.rb:64:in `call'
  rack (1.5.2) lib/rack/sendfile.rb:112:in `call'
  railties (4.1.0) lib/rails/engine.rb:514:in `call'
  railties (4.1.0) lib/rails/application.rb:144:in `call'
  rack (1.5.2) lib/rack/lock.rb:17:in `call'
  rack (1.5.2) lib/rack/content_length.rb:14:in `call'
  rack (1.5.2) lib/rack/handler/webrick.rb:60:in `service'
  /System/Library/Frameworks/Ruby.framework/Versions/2.0/usr/lib/ruby/2.0.0/webrick/httpserver.rb:138:in `service'
  /System/Library/Frameworks/Ruby.framework/Versions/2.0/usr/lib/ruby/2.0.0/webrick/httpserver.rb:94:in `run'
  /System/Library/Frameworks/Ruby.framework/Versions/2.0/usr/lib/ruby/2.0.0/webrick/server.rb:295:in `block in start_thread'


  Rendered /Library/Ruby/Gems/2.0.0/gems/actionpack-4.1.0/lib/action_dispatch/middleware/templates/rescues/missing_template.html.erb within rescues/layout (0.5ms)


Started GET "/" for 127.0.0.1 at 2014-05-05 10:33:26 -0400
Processing by WelcomeController#index as HTML
Completed 500 Internal Server Error in 3ms

ActionView::MissingTemplate (Missing template welcome/index, application/index with {:locale=>[:en], :formats=>[:html], :variants=>[], :handlers=>[:erb, :builder, :raw, :ruby, :jbuilder, :coffee]}. Searched in:
  * "/Users/ljc/Dropbox/Noodles/rails/Noodles/app/views"
):
  actionview (4.1.0) lib/action_view/path_set.rb:46:in `find'
  actionview (4.1.0) lib/action_view/lookup_context.rb:124:in `find'
  actionview (4.1.0) lib/action_view/renderer/abstract_renderer.rb:18:in `find_template'
  actionview (4.1.0) lib/action_view/renderer/template_renderer.rb:41:in `determine_template'
  actionview (4.1.0) lib/action_view/renderer/template_renderer.rb:8:in `render'
  actionview (4.1.0) lib/action_view/renderer/renderer.rb:42:in `render_template'
  actionview (4.1.0) lib/action_view/renderer/renderer.rb:23:in `render'
  actionview (4.1.0) lib/action_view/rendering.rb:99:in `_render_template'
  actionpack (4.1.0) lib/action_controller/metal/streaming.rb:217:in `_render_template'
  actionview (4.1.0) lib/action_view/rendering.rb:82:in `render_to_body'
  actionpack (4.1.0) lib/action_controller/metal/rendering.rb:32:in `render_to_body'
  actionpack (4.1.0) lib/action_controller/metal/renderers.rb:32:in `render_to_body'
  actionpack (4.1.0) lib/abstract_controller/rendering.rb:25:in `render'
  actionpack (4.1.0) lib/action_controller/metal/rendering.rb:16:in `render'
  actionpack (4.1.0) lib/action_controller/metal/instrumentation.rb:41:in `block (2 levels) in render'
  activesupport (4.1.0) lib/active_support/core_ext/benchmark.rb:12:in `block in ms'
  /System/Library/Frameworks/Ruby.framework/Versions/2.0/usr/lib/ruby/2.0.0/benchmark.rb:296:in `realtime'
  activesupport (4.1.0) lib/active_support/core_ext/benchmark.rb:12:in `ms'
  actionpack (4.1.0) lib/action_controller/metal/instrumentation.rb:41:in `block in render'
  actionpack (4.1.0) lib/action_controller/metal/instrumentation.rb:84:in `cleanup_view_runtime'
  activerecord (4.1.0) lib/active_record/railties/controller_runtime.rb:25:in `cleanup_view_runtime'
  actionpack (4.1.0) lib/action_controller/metal/instrumentation.rb:40:in `render'
  actionpack (4.1.0) lib/action_controller/metal/implicit_render.rb:10:in `default_render'
  actionpack (4.1.0) lib/action_controller/metal/implicit_render.rb:5:in `send_action'
  actionpack (4.1.0) lib/abstract_controller/base.rb:189:in `process_action'
  actionpack (4.1.0) lib/action_controller/metal/rendering.rb:10:in `process_action'
  actionpack (4.1.0) lib/abstract_controller/callbacks.rb:20:in `block in process_action'
  activesupport (4.1.0) lib/active_support/callbacks.rb:113:in `call'
  activesupport (4.1.0) lib/active_support/callbacks.rb:113:in `call'
  activesupport (4.1.0) lib/active_support/callbacks.rb:229:in `block in halting'
  activesupport (4.1.0) lib/active_support/callbacks.rb:229:in `call'
  activesupport (4.1.0) lib/active_support/callbacks.rb:229:in `block in halting'
  activesupport (4.1.0) lib/active_support/callbacks.rb:166:in `call'
  activesupport (4.1.0) lib/active_support/callbacks.rb:166:in `block in halting'
  activesupport (4.1.0) lib/active_support/callbacks.rb:166:in `call'
  activesupport (4.1.0) lib/active_support/callbacks.rb:166:in `block in halting'
  activesupport (4.1.0) lib/active_support/callbacks.rb:166:in `call'
  activesupport (4.1.0) lib/active_support/callbacks.rb:166:in `block in halting'
  activesupport (4.1.0) lib/active_support/callbacks.rb:86:in `call'
  activesupport (4.1.0) lib/active_support/callbacks.rb:86:in `run_callbacks'
  actionpack (4.1.0) lib/abstract_controller/callbacks.rb:19:in `process_action'
  actionpack (4.1.0) lib/action_controller/metal/rescue.rb:29:in `process_action'
  actionpack (4.1.0) lib/action_controller/metal/instrumentation.rb:31:in `block in process_action'
  activesupport (4.1.0) lib/active_support/notifications.rb:159:in `block in instrument'
  activesupport (4.1.0) lib/active_support/notifications/instrumenter.rb:20:in `instrument'
  activesupport (4.1.0) lib/active_support/notifications.rb:159:in `instrument'
  actionpack (4.1.0) lib/action_controller/metal/instrumentation.rb:30:in `process_action'
  actionpack (4.1.0) lib/action_controller/metal/params_wrapper.rb:250:in `process_action'
  activerecord (4.1.0) lib/active_record/railties/controller_runtime.rb:18:in `process_action'
  actionpack (4.1.0) lib/abstract_controller/base.rb:136:in `process'
  actionview (4.1.0) lib/action_view/rendering.rb:30:in `process'
  actionpack (4.1.0) lib/action_controller/metal.rb:195:in `dispatch'
  actionpack (4.1.0) lib/action_controller/metal/rack_delegation.rb:13:in `dispatch'
  actionpack (4.1.0) lib/action_controller/metal.rb:231:in `block in action'
  actionpack (4.1.0) lib/action_dispatch/routing/route_set.rb:80:in `call'
  actionpack (4.1.0) lib/action_dispatch/routing/route_set.rb:80:in `dispatch'
  actionpack (4.1.0) lib/action_dispatch/routing/route_set.rb:48:in `call'
  actionpack (4.1.0) lib/action_dispatch/journey/router.rb:71:in `block in call'
  actionpack (4.1.0) lib/action_dispatch/journey/router.rb:59:in `each'
  actionpack (4.1.0) lib/action_dispatch/journey/router.rb:59:in `call'
  actionpack (4.1.0) lib/action_dispatch/routing/route_set.rb:676:in `call'
  rack (1.5.2) lib/rack/etag.rb:23:in `call'
  rack (1.5.2) lib/rack/conditionalget.rb:25:in `call'
  rack (1.5.2) lib/rack/head.rb:11:in `call'
  actionpack (4.1.0) lib/action_dispatch/middleware/params_parser.rb:27:in `call'
  actionpack (4.1.0) lib/action_dispatch/middleware/flash.rb:254:in `call'
  rack (1.5.2) lib/rack/session/abstract/id.rb:225:in `context'
  rack (1.5.2) lib/rack/session/abstract/id.rb:220:in `call'
  actionpack (4.1.0) lib/action_dispatch/middleware/cookies.rb:560:in `call'
  activerecord (4.1.0) lib/active_record/query_cache.rb:36:in `call'
  activerecord (4.1.0) lib/active_record/connection_adapters/abstract/connection_pool.rb:621:in `call'
  activerecord (4.1.0) lib/active_record/migration.rb:380:in `call'
  actionpack (4.1.0) lib/action_dispatch/middleware/callbacks.rb:29:in `block in call'
  activesupport (4.1.0) lib/active_support/callbacks.rb:82:in `run_callbacks'
  actionpack (4.1.0) lib/action_dispatch/middleware/callbacks.rb:27:in `call'
  actionpack (4.1.0) lib/action_dispatch/middleware/reloader.rb:73:in `call'
  actionpack (4.1.0) lib/action_dispatch/middleware/remote_ip.rb:76:in `call'
  actionpack (4.1.0) lib/action_dispatch/middleware/debug_exceptions.rb:17:in `call'
  actionpack (4.1.0) lib/action_dispatch/middleware/show_exceptions.rb:30:in `call'
  railties (4.1.0) lib/rails/rack/logger.rb:38:in `call_app'
  railties (4.1.0) lib/rails/rack/logger.rb:20:in `block in call'
  activesupport (4.1.0) lib/active_support/tagged_logging.rb:68:in `block in tagged'
  activesupport (4.1.0) lib/active_support/tagged_logging.rb:26:in `tagged'
  activesupport (4.1.0) lib/active_support/tagged_logging.rb:68:in `tagged'
  railties (4.1.0) lib/rails/rack/logger.rb:20:in `call'
  actionpack (4.1.0) lib/action_dispatch/middleware/request_id.rb:21:in `call'
  rack (1.5.2) lib/rack/methodoverride.rb:21:in `call'
  rack (1.5.2) lib/rack/runtime.rb:17:in `call'
  activesupport (4.1.0) lib/active_support/cache/strategy/local_cache_middleware.rb:26:in `call'
  rack (1.5.2) lib/rack/lock.rb:17:in `call'
  actionpack (4.1.0) lib/action_dispatch/middleware/static.rb:64:in `call'
  rack (1.5.2) lib/rack/sendfile.rb:112:in `call'
  railties (4.1.0) lib/rails/engine.rb:514:in `call'
  railties (4.1.0) lib/rails/application.rb:144:in `call'
  rack (1.5.2) lib/rack/lock.rb:17:in `call'
  rack (1.5.2) lib/rack/content_length.rb:14:in `call'
  rack (1.5.2) lib/rack/handler/webrick.rb:60:in `service'
  /System/Library/Frameworks/Ruby.framework/Versions/2.0/usr/lib/ruby/2.0.0/webrick/httpserver.rb:138:in `service'
  /System/Library/Frameworks/Ruby.framework/Versions/2.0/usr/lib/ruby/2.0.0/webrick/httpserver.rb:94:in `run'
  /System/Library/Frameworks/Ruby.framework/Versions/2.0/usr/lib/ruby/2.0.0/webrick/server.rb:295:in `block in start_thread'


  Rendered /Library/Ruby/Gems/2.0.0/gems/actionpack-4.1.0/lib/action_dispatch/middleware/templates/rescues/missing_template.html.erb within rescues/layout (0.4ms)


Started GET "/" for 127.0.0.1 at 2014-05-05 10:33:26 -0400
Processing by WelcomeController#index as HTML
Completed 500 Internal Server Error in 3ms

ActionView::MissingTemplate (Missing template welcome/index, application/index with {:locale=>[:en], :formats=>[:html], :variants=>[], :handlers=>[:erb, :builder, :raw, :ruby, :jbuilder, :coffee]}. Searched in:
  * "/Users/ljc/Dropbox/Noodles/rails/Noodles/app/views"
):
  actionview (4.1.0) lib/action_view/path_set.rb:46:in `find'
  actionview (4.1.0) lib/action_view/lookup_context.rb:124:in `find'
  actionview (4.1.0) lib/action_view/renderer/abstract_renderer.rb:18:in `find_template'
  actionview (4.1.0) lib/action_view/renderer/template_renderer.rb:41:in `determine_template'
  actionview (4.1.0) lib/action_view/renderer/template_renderer.rb:8:in `render'
  actionview (4.1.0) lib/action_view/renderer/renderer.rb:42:in `render_template'
  actionview (4.1.0) lib/action_view/renderer/renderer.rb:23:in `render'
  actionview (4.1.0) lib/action_view/rendering.rb:99:in `_render_template'
  actionpack (4.1.0) lib/action_controller/metal/streaming.rb:217:in `_render_template'
  actionview (4.1.0) lib/action_view/rendering.rb:82:in `render_to_body'
  actionpack (4.1.0) lib/action_controller/metal/rendering.rb:32:in `render_to_body'
  actionpack (4.1.0) lib/action_controller/metal/renderers.rb:32:in `render_to_body'
  actionpack (4.1.0) lib/abstract_controller/rendering.rb:25:in `render'
  actionpack (4.1.0) lib/action_controller/metal/rendering.rb:16:in `render'
  actionpack (4.1.0) lib/action_controller/metal/instrumentation.rb:41:in `block (2 levels) in render'
  activesupport (4.1.0) lib/active_support/core_ext/benchmark.rb:12:in `block in ms'
  /System/Library/Frameworks/Ruby.framework/Versions/2.0/usr/lib/ruby/2.0.0/benchmark.rb:296:in `realtime'
  activesupport (4.1.0) lib/active_support/core_ext/benchmark.rb:12:in `ms'
  actionpack (4.1.0) lib/action_controller/metal/instrumentation.rb:41:in `block in render'
  actionpack (4.1.0) lib/action_controller/metal/instrumentation.rb:84:in `cleanup_view_runtime'
  activerecord (4.1.0) lib/active_record/railties/controller_runtime.rb:25:in `cleanup_view_runtime'
  actionpack (4.1.0) lib/action_controller/metal/instrumentation.rb:40:in `render'
  actionpack (4.1.0) lib/action_controller/metal/implicit_render.rb:10:in `default_render'
  actionpack (4.1.0) lib/action_controller/metal/implicit_render.rb:5:in `send_action'
  actionpack (4.1.0) lib/abstract_controller/base.rb:189:in `process_action'
  actionpack (4.1.0) lib/action_controller/metal/rendering.rb:10:in `process_action'
  actionpack (4.1.0) lib/abstract_controller/callbacks.rb:20:in `block in process_action'
  activesupport (4.1.0) lib/active_support/callbacks.rb:113:in `call'
  activesupport (4.1.0) lib/active_support/callbacks.rb:113:in `call'
  activesupport (4.1.0) lib/active_support/callbacks.rb:229:in `block in halting'
  activesupport (4.1.0) lib/active_support/callbacks.rb:229:in `call'
  activesupport (4.1.0) lib/active_support/callbacks.rb:229:in `block in halting'
  activesupport (4.1.0) lib/active_support/callbacks.rb:166:in `call'
  activesupport (4.1.0) lib/active_support/callbacks.rb:166:in `block in halting'
  activesupport (4.1.0) lib/active_support/callbacks.rb:166:in `call'
  activesupport (4.1.0) lib/active_support/callbacks.rb:166:in `block in halting'
  activesupport (4.1.0) lib/active_support/callbacks.rb:166:in `call'
  activesupport (4.1.0) lib/active_support/callbacks.rb:166:in `block in halting'
  activesupport (4.1.0) lib/active_support/callbacks.rb:86:in `call'
  activesupport (4.1.0) lib/active_support/callbacks.rb:86:in `run_callbacks'
  actionpack (4.1.0) lib/abstract_controller/callbacks.rb:19:in `process_action'
  actionpack (4.1.0) lib/action_controller/metal/rescue.rb:29:in `process_action'
  actionpack (4.1.0) lib/action_controller/metal/instrumentation.rb:31:in `block in process_action'
  activesupport (4.1.0) lib/active_support/notifications.rb:159:in `block in instrument'
  activesupport (4.1.0) lib/active_support/notifications/instrumenter.rb:20:in `instrument'
  activesupport (4.1.0) lib/active_support/notifications.rb:159:in `instrument'
  actionpack (4.1.0) lib/action_controller/metal/instrumentation.rb:30:in `process_action'
  actionpack (4.1.0) lib/action_controller/metal/params_wrapper.rb:250:in `process_action'
  activerecord (4.1.0) lib/active_record/railties/controller_runtime.rb:18:in `process_action'
  actionpack (4.1.0) lib/abstract_controller/base.rb:136:in `process'
  actionview (4.1.0) lib/action_view/rendering.rb:30:in `process'
  actionpack (4.1.0) lib/action_controller/metal.rb:195:in `dispatch'
  actionpack (4.1.0) lib/action_controller/metal/rack_delegation.rb:13:in `dispatch'
  actionpack (4.1.0) lib/action_controller/metal.rb:231:in `block in action'
  actionpack (4.1.0) lib/action_dispatch/routing/route_set.rb:80:in `call'
  actionpack (4.1.0) lib/action_dispatch/routing/route_set.rb:80:in `dispatch'
  actionpack (4.1.0) lib/action_dispatch/routing/route_set.rb:48:in `call'
  actionpack (4.1.0) lib/action_dispatch/journey/router.rb:71:in `block in call'
  actionpack (4.1.0) lib/action_dispatch/journey/router.rb:59:in `each'
  actionpack (4.1.0) lib/action_dispatch/journey/router.rb:59:in `call'
  actionpack (4.1.0) lib/action_dispatch/routing/route_set.rb:676:in `call'
  rack (1.5.2) lib/rack/etag.rb:23:in `call'
  rack (1.5.2) lib/rack/conditionalget.rb:25:in `call'
  rack (1.5.2) lib/rack/head.rb:11:in `call'
  actionpack (4.1.0) lib/action_dispatch/middleware/params_parser.rb:27:in `call'
  actionpack (4.1.0) lib/action_dispatch/middleware/flash.rb:254:in `call'
  rack (1.5.2) lib/rack/session/abstract/id.rb:225:in `context'
  rack (1.5.2) lib/rack/session/abstract/id.rb:220:in `call'
  actionpack (4.1.0) lib/action_dispatch/middleware/cookies.rb:560:in `call'
  activerecord (4.1.0) lib/active_record/query_cache.rb:36:in `call'
  activerecord (4.1.0) lib/active_record/connection_adapters/abstract/connection_pool.rb:621:in `call'
  activerecord (4.1.0) lib/active_record/migration.rb:380:in `call'
  actionpack (4.1.0) lib/action_dispatch/middleware/callbacks.rb:29:in `block in call'
  activesupport (4.1.0) lib/active_support/callbacks.rb:82:in `run_callbacks'
  actionpack (4.1.0) lib/action_dispatch/middleware/callbacks.rb:27:in `call'
  actionpack (4.1.0) lib/action_dispatch/middleware/reloader.rb:73:in `call'
  actionpack (4.1.0) lib/action_dispatch/middleware/remote_ip.rb:76:in `call'
  actionpack (4.1.0) lib/action_dispatch/middleware/debug_exceptions.rb:17:in `call'
  actionpack (4.1.0) lib/action_dispatch/middleware/show_exceptions.rb:30:in `call'
  railties (4.1.0) lib/rails/rack/logger.rb:38:in `call_app'
  railties (4.1.0) lib/rails/rack/logger.rb:20:in `block in call'
  activesupport (4.1.0) lib/active_support/tagged_logging.rb:68:in `block in tagged'
  activesupport (4.1.0) lib/active_support/tagged_logging.rb:26:in `tagged'
  activesupport (4.1.0) lib/active_support/tagged_logging.rb:68:in `tagged'
  railties (4.1.0) lib/rails/rack/logger.rb:20:in `call'
  actionpack (4.1.0) lib/action_dispatch/middleware/request_id.rb:21:in `call'
  rack (1.5.2) lib/rack/methodoverride.rb:21:in `call'
  rack (1.5.2) lib/rack/runtime.rb:17:in `call'
  activesupport (4.1.0) lib/active_support/cache/strategy/local_cache_middleware.rb:26:in `call'
  rack (1.5.2) lib/rack/lock.rb:17:in `call'
  actionpack (4.1.0) lib/action_dispatch/middleware/static.rb:64:in `call'
  rack (1.5.2) lib/rack/sendfile.rb:112:in `call'
  railties (4.1.0) lib/rails/engine.rb:514:in `call'
  railties (4.1.0) lib/rails/application.rb:144:in `call'
  rack (1.5.2) lib/rack/lock.rb:17:in `call'
  rack (1.5.2) lib/rack/content_length.rb:14:in `call'
  rack (1.5.2) lib/rack/handler/webrick.rb:60:in `service'
  /System/Library/Frameworks/Ruby.framework/Versions/2.0/usr/lib/ruby/2.0.0/webrick/httpserver.rb:138:in `service'
  /System/Library/Frameworks/Ruby.framework/Versions/2.0/usr/lib/ruby/2.0.0/webrick/httpserver.rb:94:in `run'
  /System/Library/Frameworks/Ruby.framework/Versions/2.0/usr/lib/ruby/2.0.0/webrick/server.rb:295:in `block in start_thread'


  Rendered /Library/Ruby/Gems/2.0.0/gems/actionpack-4.1.0/lib/action_dispatch/middleware/templates/rescues/missing_template.html.erb within rescues/layout (0.8ms)


Started GET "/" for 127.0.0.1 at 2014-05-05 10:33:27 -0400
Processing by WelcomeController#index as HTML
Completed 500 Internal Server Error in 10ms

ActionView::MissingTemplate (Missing template welcome/index, application/index with {:locale=>[:en], :formats=>[:html], :variants=>[], :handlers=>[:erb, :builder, :raw, :ruby, :jbuilder, :coffee]}. Searched in:
  * "/Users/ljc/Dropbox/Noodles/rails/Noodles/app/views"
):
  actionview (4.1.0) lib/action_view/path_set.rb:46:in `find'
  actionview (4.1.0) lib/action_view/lookup_context.rb:124:in `find'
  actionview (4.1.0) lib/action_view/renderer/abstract_renderer.rb:18:in `find_template'
  actionview (4.1.0) lib/action_view/renderer/template_renderer.rb:41:in `determine_template'
  actionview (4.1.0) lib/action_view/renderer/template_renderer.rb:8:in `render'
  actionview (4.1.0) lib/action_view/renderer/renderer.rb:42:in `render_template'
  actionview (4.1.0) lib/action_view/renderer/renderer.rb:23:in `render'
  actionview (4.1.0) lib/action_view/rendering.rb:99:in `_render_template'
  actionpack (4.1.0) lib/action_controller/metal/streaming.rb:217:in `_render_template'
  actionview (4.1.0) lib/action_view/rendering.rb:82:in `render_to_body'
  actionpack (4.1.0) lib/action_controller/metal/rendering.rb:32:in `render_to_body'
  actionpack (4.1.0) lib/action_controller/metal/renderers.rb:32:in `render_to_body'
  actionpack (4.1.0) lib/abstract_controller/rendering.rb:25:in `render'
  actionpack (4.1.0) lib/action_controller/metal/rendering.rb:16:in `render'
  actionpack (4.1.0) lib/action_controller/metal/instrumentation.rb:41:in `block (2 levels) in render'
  activesupport (4.1.0) lib/active_support/core_ext/benchmark.rb:12:in `block in ms'
  /System/Library/Frameworks/Ruby.framework/Versions/2.0/usr/lib/ruby/2.0.0/benchmark.rb:296:in `realtime'
  activesupport (4.1.0) lib/active_support/core_ext/benchmark.rb:12:in `ms'
  actionpack (4.1.0) lib/action_controller/metal/instrumentation.rb:41:in `block in render'
  actionpack (4.1.0) lib/action_controller/metal/instrumentation.rb:84:in `cleanup_view_runtime'
  activerecord (4.1.0) lib/active_record/railties/controller_runtime.rb:25:in `cleanup_view_runtime'
  actionpack (4.1.0) lib/action_controller/metal/instrumentation.rb:40:in `render'
  actionpack (4.1.0) lib/action_controller/metal/implicit_render.rb:10:in `default_render'
  actionpack (4.1.0) lib/action_controller/metal/implicit_render.rb:5:in `send_action'
  actionpack (4.1.0) lib/abstract_controller/base.rb:189:in `process_action'
  actionpack (4.1.0) lib/action_controller/metal/rendering.rb:10:in `process_action'
  actionpack (4.1.0) lib/abstract_controller/callbacks.rb:20:in `block in process_action'
  activesupport (4.1.0) lib/active_support/callbacks.rb:113:in `call'
  activesupport (4.1.0) lib/active_support/callbacks.rb:113:in `call'
  activesupport (4.1.0) lib/active_support/callbacks.rb:229:in `block in halting'
  activesupport (4.1.0) lib/active_support/callbacks.rb:229:in `call'
  activesupport (4.1.0) lib/active_support/callbacks.rb:229:in `block in halting'
  activesupport (4.1.0) lib/active_support/callbacks.rb:166:in `call'
  activesupport (4.1.0) lib/active_support/callbacks.rb:166:in `block in halting'
  activesupport (4.1.0) lib/active_support/callbacks.rb:166:in `call'
  activesupport (4.1.0) lib/active_support/callbacks.rb:166:in `block in halting'
  activesupport (4.1.0) lib/active_support/callbacks.rb:166:in `call'
  activesupport (4.1.0) lib/active_support/callbacks.rb:166:in `block in halting'
  activesupport (4.1.0) lib/active_support/callbacks.rb:86:in `call'
  activesupport (4.1.0) lib/active_support/callbacks.rb:86:in `run_callbacks'
  actionpack (4.1.0) lib/abstract_controller/callbacks.rb:19:in `process_action'
  actionpack (4.1.0) lib/action_controller/metal/rescue.rb:29:in `process_action'
  actionpack (4.1.0) lib/action_controller/metal/instrumentation.rb:31:in `block in process_action'
  activesupport (4.1.0) lib/active_support/notifications.rb:159:in `block in instrument'
  activesupport (4.1.0) lib/active_support/notifications/instrumenter.rb:20:in `instrument'
  activesupport (4.1.0) lib/active_support/notifications.rb:159:in `instrument'
  actionpack (4.1.0) lib/action_controller/metal/instrumentation.rb:30:in `process_action'
  actionpack (4.1.0) lib/action_controller/metal/params_wrapper.rb:250:in `process_action'
  activerecord (4.1.0) lib/active_record/railties/controller_runtime.rb:18:in `process_action'
  actionpack (4.1.0) lib/abstract_controller/base.rb:136:in `process'
  actionview (4.1.0) lib/action_view/rendering.rb:30:in `process'
  actionpack (4.1.0) lib/action_controller/metal.rb:195:in `dispatch'
  actionpack (4.1.0) lib/action_controller/metal/rack_delegation.rb:13:in `dispatch'
  actionpack (4.1.0) lib/action_controller/metal.rb:231:in `block in action'
  actionpack (4.1.0) lib/action_dispatch/routing/route_set.rb:80:in `call'
  actionpack (4.1.0) lib/action_dispatch/routing/route_set.rb:80:in `dispatch'
  actionpack (4.1.0) lib/action_dispatch/routing/route_set.rb:48:in `call'
  actionpack (4.1.0) lib/action_dispatch/journey/router.rb:71:in `block in call'
  actionpack (4.1.0) lib/action_dispatch/journey/router.rb:59:in `each'
  actionpack (4.1.0) lib/action_dispatch/journey/router.rb:59:in `call'
  actionpack (4.1.0) lib/action_dispatch/routing/route_set.rb:676:in `call'
  rack (1.5.2) lib/rack/etag.rb:23:in `call'
  rack (1.5.2) lib/rack/conditionalget.rb:25:in `call'
  rack (1.5.2) lib/rack/head.rb:11:in `call'
  actionpack (4.1.0) lib/action_dispatch/middleware/params_parser.rb:27:in `call'
  actionpack (4.1.0) lib/action_dispatch/middleware/flash.rb:254:in `call'
  rack (1.5.2) lib/rack/session/abstract/id.rb:225:in `context'
  rack (1.5.2) lib/rack/session/abstract/id.rb:220:in `call'
  actionpack (4.1.0) lib/action_dispatch/middleware/cookies.rb:560:in `call'
  activerecord (4.1.0) lib/active_record/query_cache.rb:36:in `call'
  activerecord (4.1.0) lib/active_record/connection_adapters/abstract/connection_pool.rb:621:in `call'
  activerecord (4.1.0) lib/active_record/migration.rb:380:in `call'
  actionpack (4.1.0) lib/action_dispatch/middleware/callbacks.rb:29:in `block in call'
  activesupport (4.1.0) lib/active_support/callbacks.rb:82:in `run_callbacks'
  actionpack (4.1.0) lib/action_dispatch/middleware/callbacks.rb:27:in `call'
  actionpack (4.1.0) lib/action_dispatch/middleware/reloader.rb:73:in `call'
  actionpack (4.1.0) lib/action_dispatch/middleware/remote_ip.rb:76:in `call'
  actionpack (4.1.0) lib/action_dispatch/middleware/debug_exceptions.rb:17:in `call'
  actionpack (4.1.0) lib/action_dispatch/middleware/show_exceptions.rb:30:in `call'
  railties (4.1.0) lib/rails/rack/logger.rb:38:in `call_app'
  railties (4.1.0) lib/rails/rack/logger.rb:20:in `block in call'
  activesupport (4.1.0) lib/active_support/tagged_logging.rb:68:in `block in tagged'
  activesupport (4.1.0) lib/active_support/tagged_logging.rb:26:in `tagged'
  activesupport (4.1.0) lib/active_support/tagged_logging.rb:68:in `tagged'
  railties (4.1.0) lib/rails/rack/logger.rb:20:in `call'
  actionpack (4.1.0) lib/action_dispatch/middleware/request_id.rb:21:in `call'
  rack (1.5.2) lib/rack/methodoverride.rb:21:in `call'
  rack (1.5.2) lib/rack/runtime.rb:17:in `call'
  activesupport (4.1.0) lib/active_support/cache/strategy/local_cache_middleware.rb:26:in `call'
  rack (1.5.2) lib/rack/lock.rb:17:in `call'
  actionpack (4.1.0) lib/action_dispatch/middleware/static.rb:64:in `call'
  rack (1.5.2) lib/rack/sendfile.rb:112:in `call'
  railties (4.1.0) lib/rails/engine.rb:514:in `call'
  railties (4.1.0) lib/rails/application.rb:144:in `call'
  rack (1.5.2) lib/rack/lock.rb:17:in `call'
  rack (1.5.2) lib/rack/content_length.rb:14:in `call'
  rack (1.5.2) lib/rack/handler/webrick.rb:60:in `service'
  /System/Library/Frameworks/Ruby.framework/Versions/2.0/usr/lib/ruby/2.0.0/webrick/httpserver.rb:138:in `service'
  /System/Library/Frameworks/Ruby.framework/Versions/2.0/usr/lib/ruby/2.0.0/webrick/httpserver.rb:94:in `run'
  /System/Library/Frameworks/Ruby.framework/Versions/2.0/usr/lib/ruby/2.0.0/webrick/server.rb:295:in `block in start_thread'


  Rendered /Library/Ruby/Gems/2.0.0/gems/actionpack-4.1.0/lib/action_dispatch/middleware/templates/rescues/missing_template.html.erb within rescues/layout (0.4ms)


Started GET "/" for 127.0.0.1 at 2014-05-05 10:35:04 -0400
Processing by WelcomeController#index as HTML
Completed 500 Internal Server Error in 3ms

ActionView::MissingTemplate (Missing template welcome/index, application/index with {:locale=>[:en], :formats=>[:html], :variants=>[], :handlers=>[:erb, :builder, :raw, :ruby, :jbuilder, :coffee]}. Searched in:
  * "/Users/ljc/Dropbox/Noodles/rails/Noodles/app/views"
):
  actionview (4.1.0) lib/action_view/path_set.rb:46:in `find'
  actionview (4.1.0) lib/action_view/lookup_context.rb:124:in `find'
  actionview (4.1.0) lib/action_view/renderer/abstract_renderer.rb:18:in `find_template'
  actionview (4.1.0) lib/action_view/renderer/template_renderer.rb:41:in `determine_template'
  actionview (4.1.0) lib/action_view/renderer/template_renderer.rb:8:in `render'
  actionview (4.1.0) lib/action_view/renderer/renderer.rb:42:in `render_template'
  actionview (4.1.0) lib/action_view/renderer/renderer.rb:23:in `render'
  actionview (4.1.0) lib/action_view/rendering.rb:99:in `_render_template'
  actionpack (4.1.0) lib/action_controller/metal/streaming.rb:217:in `_render_template'
  actionview (4.1.0) lib/action_view/rendering.rb:82:in `render_to_body'
  actionpack (4.1.0) lib/action_controller/metal/rendering.rb:32:in `render_to_body'
  actionpack (4.1.0) lib/action_controller/metal/renderers.rb:32:in `render_to_body'
  actionpack (4.1.0) lib/abstract_controller/rendering.rb:25:in `render'
  actionpack (4.1.0) lib/action_controller/metal/rendering.rb:16:in `render'
  actionpack (4.1.0) lib/action_controller/metal/instrumentation.rb:41:in `block (2 levels) in render'
  activesupport (4.1.0) lib/active_support/core_ext/benchmark.rb:12:in `block in ms'
  /System/Library/Frameworks/Ruby.framework/Versions/2.0/usr/lib/ruby/2.0.0/benchmark.rb:296:in `realtime'
  activesupport (4.1.0) lib/active_support/core_ext/benchmark.rb:12:in `ms'
  actionpack (4.1.0) lib/action_controller/metal/instrumentation.rb:41:in `block in render'
  actionpack (4.1.0) lib/action_controller/metal/instrumentation.rb:84:in `cleanup_view_runtime'
  activerecord (4.1.0) lib/active_record/railties/controller_runtime.rb:25:in `cleanup_view_runtime'
  actionpack (4.1.0) lib/action_controller/metal/instrumentation.rb:40:in `render'
  actionpack (4.1.0) lib/action_controller/metal/implicit_render.rb:10:in `default_render'
  actionpack (4.1.0) lib/action_controller/metal/implicit_render.rb:5:in `send_action'
  actionpack (4.1.0) lib/abstract_controller/base.rb:189:in `process_action'
  actionpack (4.1.0) lib/action_controller/metal/rendering.rb:10:in `process_action'
  actionpack (4.1.0) lib/abstract_controller/callbacks.rb:20:in `block in process_action'
  activesupport (4.1.0) lib/active_support/callbacks.rb:113:in `call'
  activesupport (4.1.0) lib/active_support/callbacks.rb:113:in `call'
  activesupport (4.1.0) lib/active_support/callbacks.rb:229:in `block in halting'
  activesupport (4.1.0) lib/active_support/callbacks.rb:229:in `call'
  activesupport (4.1.0) lib/active_support/callbacks.rb:229:in `block in halting'
  activesupport (4.1.0) lib/active_support/callbacks.rb:166:in `call'
  activesupport (4.1.0) lib/active_support/callbacks.rb:166:in `block in halting'
  activesupport (4.1.0) lib/active_support/callbacks.rb:166:in `call'
  activesupport (4.1.0) lib/active_support/callbacks.rb:166:in `block in halting'
  activesupport (4.1.0) lib/active_support/callbacks.rb:166:in `call'
  activesupport (4.1.0) lib/active_support/callbacks.rb:166:in `block in halting'
  activesupport (4.1.0) lib/active_support/callbacks.rb:86:in `call'
  activesupport (4.1.0) lib/active_support/callbacks.rb:86:in `run_callbacks'
  actionpack (4.1.0) lib/abstract_controller/callbacks.rb:19:in `process_action'
  actionpack (4.1.0) lib/action_controller/metal/rescue.rb:29:in `process_action'
  actionpack (4.1.0) lib/action_controller/metal/instrumentation.rb:31:in `block in process_action'
  activesupport (4.1.0) lib/active_support/notifications.rb:159:in `block in instrument'
  activesupport (4.1.0) lib/active_support/notifications/instrumenter.rb:20:in `instrument'
  activesupport (4.1.0) lib/active_support/notifications.rb:159:in `instrument'
  actionpack (4.1.0) lib/action_controller/metal/instrumentation.rb:30:in `process_action'
  actionpack (4.1.0) lib/action_controller/metal/params_wrapper.rb:250:in `process_action'
  activerecord (4.1.0) lib/active_record/railties/controller_runtime.rb:18:in `process_action'
  actionpack (4.1.0) lib/abstract_controller/base.rb:136:in `process'
  actionview (4.1.0) lib/action_view/rendering.rb:30:in `process'
  actionpack (4.1.0) lib/action_controller/metal.rb:195:in `dispatch'
  actionpack (4.1.0) lib/action_controller/metal/rack_delegation.rb:13:in `dispatch'
  actionpack (4.1.0) lib/action_controller/metal.rb:231:in `block in action'
  actionpack (4.1.0) lib/action_dispatch/routing/route_set.rb:80:in `call'
  actionpack (4.1.0) lib/action_dispatch/routing/route_set.rb:80:in `dispatch'
  actionpack (4.1.0) lib/action_dispatch/routing/route_set.rb:48:in `call'
  actionpack (4.1.0) lib/action_dispatch/journey/router.rb:71:in `block in call'
  actionpack (4.1.0) lib/action_dispatch/journey/router.rb:59:in `each'
  actionpack (4.1.0) lib/action_dispatch/journey/router.rb:59:in `call'
  actionpack (4.1.0) lib/action_dispatch/routing/route_set.rb:676:in `call'
  rack (1.5.2) lib/rack/etag.rb:23:in `call'
  rack (1.5.2) lib/rack/conditionalget.rb:25:in `call'
  rack (1.5.2) lib/rack/head.rb:11:in `call'
  actionpack (4.1.0) lib/action_dispatch/middleware/params_parser.rb:27:in `call'
  actionpack (4.1.0) lib/action_dispatch/middleware/flash.rb:254:in `call'
  rack (1.5.2) lib/rack/session/abstract/id.rb:225:in `context'
  rack (1.5.2) lib/rack/session/abstract/id.rb:220:in `call'
  actionpack (4.1.0) lib/action_dispatch/middleware/cookies.rb:560:in `call'
  activerecord (4.1.0) lib/active_record/query_cache.rb:36:in `call'
  activerecord (4.1.0) lib/active_record/connection_adapters/abstract/connection_pool.rb:621:in `call'
  activerecord (4.1.0) lib/active_record/migration.rb:380:in `call'
  actionpack (4.1.0) lib/action_dispatch/middleware/callbacks.rb:29:in `block in call'
  activesupport (4.1.0) lib/active_support/callbacks.rb:82:in `run_callbacks'
  actionpack (4.1.0) lib/action_dispatch/middleware/callbacks.rb:27:in `call'
  actionpack (4.1.0) lib/action_dispatch/middleware/reloader.rb:73:in `call'
  actionpack (4.1.0) lib/action_dispatch/middleware/remote_ip.rb:76:in `call'
  actionpack (4.1.0) lib/action_dispatch/middleware/debug_exceptions.rb:17:in `call'
  actionpack (4.1.0) lib/action_dispatch/middleware/show_exceptions.rb:30:in `call'
  railties (4.1.0) lib/rails/rack/logger.rb:38:in `call_app'
  railties (4.1.0) lib/rails/rack/logger.rb:20:in `block in call'
  activesupport (4.1.0) lib/active_support/tagged_logging.rb:68:in `block in tagged'
  activesupport (4.1.0) lib/active_support/tagged_logging.rb:26:in `tagged'
  activesupport (4.1.0) lib/active_support/tagged_logging.rb:68:in `tagged'
  railties (4.1.0) lib/rails/rack/logger.rb:20:in `call'
  actionpack (4.1.0) lib/action_dispatch/middleware/request_id.rb:21:in `call'
  rack (1.5.2) lib/rack/methodoverride.rb:21:in `call'
  rack (1.5.2) lib/rack/runtime.rb:17:in `call'
  activesupport (4.1.0) lib/active_support/cache/strategy/local_cache_middleware.rb:26:in `call'
  rack (1.5.2) lib/rack/lock.rb:17:in `call'
  actionpack (4.1.0) lib/action_dispatch/middleware/static.rb:64:in `call'
  rack (1.5.2) lib/rack/sendfile.rb:112:in `call'
  railties (4.1.0) lib/rails/engine.rb:514:in `call'
  railties (4.1.0) lib/rails/application.rb:144:in `call'
  rack (1.5.2) lib/rack/lock.rb:17:in `call'
  rack (1.5.2) lib/rack/content_length.rb:14:in `call'
  rack (1.5.2) lib/rack/handler/webrick.rb:60:in `service'
  /System/Library/Frameworks/Ruby.framework/Versions/2.0/usr/lib/ruby/2.0.0/webrick/httpserver.rb:138:in `service'
  /System/Library/Frameworks/Ruby.framework/Versions/2.0/usr/lib/ruby/2.0.0/webrick/httpserver.rb:94:in `run'
  /System/Library/Frameworks/Ruby.framework/Versions/2.0/usr/lib/ruby/2.0.0/webrick/server.rb:295:in `block in start_thread'


  Rendered /Library/Ruby/Gems/2.0.0/gems/actionpack-4.1.0/lib/action_dispatch/middleware/templates/rescues/missing_template.html.erb within rescues/layout (0.9ms)
